[2.371s] Invoking command in '/home/adnan/Ros2_WS_Final/src/odometry_pkg': PYTHONPATH=/home/adnan/Ros2_WS_Final/build/odometry_pkg/prefix_override:/usr/lib/python3/dist-packages/colcon_core/task/python/colcon_distutils_commands:/home/adnan/Ros2_WS_Final/install/odometry_pkg/lib/python3.10/site-packages:${PYTHONPATH} /usr/bin/python3 -W ignore:setup.py install is deprecated setup.py egg_info --egg-base ../../build/odometry_pkg build --build-base /home/adnan/Ros2_WS_Final/build/odometry_pkg/build install --record /home/adnan/Ros2_WS_Final/build/odometry_pkg/install.log --single-version-externally-managed install_data
[3.045s] running egg_info
[3.047s] writing ../../build/odometry_pkg/odometry_pkg.egg-info/PKG-INFO
[3.048s] writing dependency_links to ../../build/odometry_pkg/odometry_pkg.egg-info/dependency_links.txt
[3.048s] writing entry points to ../../build/odometry_pkg/odometry_pkg.egg-info/entry_points.txt
[3.049s] writing requirements to ../../build/odometry_pkg/odometry_pkg.egg-info/requires.txt
[3.049s] writing top-level names to ../../build/odometry_pkg/odometry_pkg.egg-info/top_level.txt
[3.054s] reading manifest file '../../build/odometry_pkg/odometry_pkg.egg-info/SOURCES.txt'
[3.057s] writing manifest file '../../build/odometry_pkg/odometry_pkg.egg-info/SOURCES.txt'
[3.057s] running build
[3.058s] running build_py
[3.058s] copying odometry_pkg/odometry_node.py -> /home/adnan/Ros2_WS_Final/build/odometry_pkg/build/lib/odometry_pkg
[3.059s] running install
[3.060s] running install_lib
[3.062s] copying /home/adnan/Ros2_WS_Final/build/odometry_pkg/build/lib/odometry_pkg/odometry_node.py -> /home/adnan/Ros2_WS_Final/install/odometry_pkg/lib/python3.10/site-packages/odometry_pkg
[3.064s] byte-compiling /home/adnan/Ros2_WS_Final/install/odometry_pkg/lib/python3.10/site-packages/odometry_pkg/odometry_node.py to odometry_node.cpython-310.pyc
[3.067s] running install_data
[3.067s] running install_egg_info
[3.074s] removing '/home/adnan/Ros2_WS_Final/install/odometry_pkg/lib/python3.10/site-packages/odometry_pkg-0.0.0-py3.10.egg-info' (and everything under it)
[3.074s] Copying ../../build/odometry_pkg/odometry_pkg.egg-info to /home/adnan/Ros2_WS_Final/install/odometry_pkg/lib/python3.10/site-packages/odometry_pkg-0.0.0-py3.10.egg-info
[3.078s] running install_scripts
[3.130s] Installing odometry_node script to /home/adnan/Ros2_WS_Final/install/odometry_pkg/lib/odometry_pkg
[3.131s] writing list of installed files to '/home/adnan/Ros2_WS_Final/build/odometry_pkg/install.log'
[3.223s] Invoked command in '/home/adnan/Ros2_WS_Final/src/odometry_pkg' returned '0': PYTHONPATH=/home/adnan/Ros2_WS_Final/build/odometry_pkg/prefix_override:/usr/lib/python3/dist-packages/colcon_core/task/python/colcon_distutils_commands:/home/adnan/Ros2_WS_Final/install/odometry_pkg/lib/python3.10/site-packages:${PYTHONPATH} /usr/bin/python3 -W ignore:setup.py install is deprecated setup.py egg_info --egg-base ../../build/odometry_pkg build --build-base /home/adnan/Ros2_WS_Final/build/odometry_pkg/build install --record /home/adnan/Ros2_WS_Final/build/odometry_pkg/install.log --single-version-externally-managed install_data
