[1.747s] Invoking command in '/home/adnan/Ros2_WS_Final/src/odometry_pkg': PYTHONPATH=/home/adnan/Ros2_WS_Final/build/odometry_pkg/prefix_override:/usr/lib/python3/dist-packages/colcon_core/task/python/colcon_distutils_commands:/home/adnan/Ros2_WS_Final/install/odometry_pkg/lib/python3.10/site-packages:${PYTHONPATH} /usr/bin/python3 -W ignore:setup.py install is deprecated setup.py egg_info --egg-base ../../build/odometry_pkg build --build-base /home/adnan/Ros2_WS_Final/build/odometry_pkg/build install --record /home/adnan/Ros2_WS_Final/build/odometry_pkg/install.log --single-version-externally-managed install_data
[2.257s] running egg_info
[2.257s] creating ../../build/odometry_pkg/odometry_pkg.egg-info
[2.257s] writing ../../build/odometry_pkg/odometry_pkg.egg-info/PKG-INFO
[2.258s] writing dependency_links to ../../build/odometry_pkg/odometry_pkg.egg-info/dependency_links.txt
[2.258s] writing entry points to ../../build/odometry_pkg/odometry_pkg.egg-info/entry_points.txt
[2.258s] writing requirements to ../../build/odometry_pkg/odometry_pkg.egg-info/requires.txt
[2.258s] writing top-level names to ../../build/odometry_pkg/odometry_pkg.egg-info/top_level.txt
[2.258s] writing manifest file '../../build/odometry_pkg/odometry_pkg.egg-info/SOURCES.txt'
[2.258s] reading manifest file '../../build/odometry_pkg/odometry_pkg.egg-info/SOURCES.txt'
[2.258s] writing manifest file '../../build/odometry_pkg/odometry_pkg.egg-info/SOURCES.txt'
[2.258s] running build
[2.259s] running build_py
[2.259s] creating /home/adnan/Ros2_WS_Final/build/odometry_pkg/build
[2.259s] creating /home/adnan/Ros2_WS_Final/build/odometry_pkg/build/lib
[2.259s] creating /home/adnan/Ros2_WS_Final/build/odometry_pkg/build/lib/odometry_pkg
[2.259s] copying odometry_pkg/odometry_node.py -> /home/adnan/Ros2_WS_Final/build/odometry_pkg/build/lib/odometry_pkg
[2.263s] copying odometry_pkg/__init__.py -> /home/adnan/Ros2_WS_Final/build/odometry_pkg/build/lib/odometry_pkg
[2.265s] running install
[2.266s] running install_lib
[2.268s] creating /home/adnan/Ros2_WS_Final/install/odometry_pkg/lib/python3.10/site-packages/odometry_pkg
[2.269s] copying /home/adnan/Ros2_WS_Final/build/odometry_pkg/build/lib/odometry_pkg/odometry_node.py -> /home/adnan/Ros2_WS_Final/install/odometry_pkg/lib/python3.10/site-packages/odometry_pkg
[2.269s] copying /home/adnan/Ros2_WS_Final/build/odometry_pkg/build/lib/odometry_pkg/__init__.py -> /home/adnan/Ros2_WS_Final/install/odometry_pkg/lib/python3.10/site-packages/odometry_pkg
[2.271s] byte-compiling /home/adnan/Ros2_WS_Final/install/odometry_pkg/lib/python3.10/site-packages/odometry_pkg/odometry_node.py to odometry_node.cpython-310.pyc
[2.272s] byte-compiling /home/adnan/Ros2_WS_Final/install/odometry_pkg/lib/python3.10/site-packages/odometry_pkg/__init__.py to __init__.cpython-310.pyc
[2.273s] running install_data
[2.274s] creating /home/adnan/Ros2_WS_Final/install/odometry_pkg/share/ament_index
[2.275s] creating /home/adnan/Ros2_WS_Final/install/odometry_pkg/share/ament_index/resource_index
[2.275s] creating /home/adnan/Ros2_WS_Final/install/odometry_pkg/share/ament_index/resource_index/packages
[2.276s] copying resource/odometry_pkg -> /home/adnan/Ros2_WS_Final/install/odometry_pkg/share/ament_index/resource_index/packages
[2.276s] copying package.xml -> /home/adnan/Ros2_WS_Final/install/odometry_pkg/share/odometry_pkg
[2.277s] running install_egg_info
[2.282s] Copying ../../build/odometry_pkg/odometry_pkg.egg-info to /home/adnan/Ros2_WS_Final/install/odometry_pkg/lib/python3.10/site-packages/odometry_pkg-0.0.0-py3.10.egg-info
[2.294s] running install_scripts
[2.331s] Installing odometry_node script to /home/adnan/Ros2_WS_Final/install/odometry_pkg/lib/odometry_pkg
[2.332s] writing list of installed files to '/home/adnan/Ros2_WS_Final/build/odometry_pkg/install.log'
[2.404s] Invoked command in '/home/adnan/Ros2_WS_Final/src/odometry_pkg' returned '0': PYTHONPATH=/home/adnan/Ros2_WS_Final/build/odometry_pkg/prefix_override:/usr/lib/python3/dist-packages/colcon_core/task/python/colcon_distutils_commands:/home/adnan/Ros2_WS_Final/install/odometry_pkg/lib/python3.10/site-packages:${PYTHONPATH} /usr/bin/python3 -W ignore:setup.py install is deprecated setup.py egg_info --egg-base ../../build/odometry_pkg build --build-base /home/adnan/Ros2_WS_Final/build/odometry_pkg/build install --record /home/adnan/Ros2_WS_Final/build/odometry_pkg/install.log --single-version-externally-managed install_data
