[2.064s] Invoking command in '/home/adnan/Ros2_WS_Final/src/odometry_pkg': PYTHONPATH=/home/adnan/Ros2_WS_Final/build/odometry_pkg/prefix_override:/usr/lib/python3/dist-packages/colcon_core/task/python/colcon_distutils_commands:/home/adnan/Ros2_WS_Final/install/odometry_pkg/lib/python3.10/site-packages:${PYTHONPATH} /usr/bin/python3 -W ignore:setup.py install is deprecated setup.py egg_info --egg-base ../../build/odometry_pkg build --build-base /home/adnan/Ros2_WS_Final/build/odometry_pkg/build install --record /home/adnan/Ros2_WS_Final/build/odometry_pkg/install.log --single-version-externally-managed install_data
[2.762s] running egg_info
[2.766s] writing ../../build/odometry_pkg/odometry_pkg.egg-info/PKG-INFO
[2.766s] writing dependency_links to ../../build/odometry_pkg/odometry_pkg.egg-info/dependency_links.txt
[2.767s] writing entry points to ../../build/odometry_pkg/odometry_pkg.egg-info/entry_points.txt
[2.767s] writing requirements to ../../build/odometry_pkg/odometry_pkg.egg-info/requires.txt
[2.769s] writing top-level names to ../../build/odometry_pkg/odometry_pkg.egg-info/top_level.txt
[2.777s] reading manifest file '../../build/odometry_pkg/odometry_pkg.egg-info/SOURCES.txt'
[2.779s] writing manifest file '../../build/odometry_pkg/odometry_pkg.egg-info/SOURCES.txt'
[2.779s] running build
[2.780s] running build_py
[2.780s] running install
[2.781s] running install_lib
[2.784s] running install_data
[2.784s] running install_egg_info
[2.792s] removing '/home/adnan/Ros2_WS_Final/install/odometry_pkg/lib/python3.10/site-packages/odometry_pkg-0.0.0-py3.10.egg-info' (and everything under it)
[2.794s] Copying ../../build/odometry_pkg/odometry_pkg.egg-info to /home/adnan/Ros2_WS_Final/install/odometry_pkg/lib/python3.10/site-packages/odometry_pkg-0.0.0-py3.10.egg-info
[2.797s] running install_scripts
[2.859s] Installing odometry_node script to /home/adnan/Ros2_WS_Final/install/odometry_pkg/lib/odometry_pkg
[2.860s] writing list of installed files to '/home/adnan/Ros2_WS_Final/build/odometry_pkg/install.log'
[2.933s] Invoked command in '/home/adnan/Ros2_WS_Final/src/odometry_pkg' returned '0': PYTHONPATH=/home/adnan/Ros2_WS_Final/build/odometry_pkg/prefix_override:/usr/lib/python3/dist-packages/colcon_core/task/python/colcon_distutils_commands:/home/adnan/Ros2_WS_Final/install/odometry_pkg/lib/python3.10/site-packages:${PYTHONPATH} /usr/bin/python3 -W ignore:setup.py install is deprecated setup.py egg_info --egg-base ../../build/odometry_pkg build --build-base /home/adnan/Ros2_WS_Final/build/odometry_pkg/build install --record /home/adnan/Ros2_WS_Final/build/odometry_pkg/install.log --single-version-externally-managed install_data
