[0.140s] DEBUG:colcon:Command line arguments: ['/usr/bin/colcon', 'build']
[0.140s] DEBUG:colcon:Parsed command line arguments: Namespace(log_base=None, log_level=None, verb_name='build', build_base='build', install_base='install', merge_install=False, symlink_install=False, test_result_base=None, continue_on_error=False, executor='parallel', parallel_workers=4, event_handlers=None, ignore_user_meta=False, metas=['./colcon.meta'], base_paths=['.'], packages_ignore=None, packages_ignore_regex=None, paths=None, packages_up_to=None, packages_up_to_regex=None, packages_above=None, packages_above_and_dependencies=None, packages_above_depth=None, packages_select_by_dep=None, packages_skip_by_dep=None, packages_skip_up_to=None, packages_select_build_failed=False, packages_skip_build_finished=False, packages_select_test_failures=False, packages_skip_test_passed=False, packages_select=None, packages_skip=None, packages_select_regex=None, packages_skip_regex=None, packages_start=None, packages_end=None, allow_overriding=[], cmake_args=None, cmake_target=None, cmake_target_skip_unavailable=False, cmake_clean_cache=False, cmake_clean_first=False, cmake_force_configure=False, ament_cmake_args=None, catkin_cmake_args=None, catkin_skip_building_tests=False, verb_parser=<colcon_defaults.argument_parser.defaults.DefaultArgumentsDecorator object at 0x75c508a354e0>, verb_extension=<colcon_core.verb.build.BuildVerb object at 0x75c508a34430>, main=<bound method BuildVerb.main of <colcon_core.verb.build.BuildVerb object at 0x75c508a34430>>)
[0.384s] Level 1:colcon.colcon_core.package_discovery:discover_packages(colcon_meta) check parameters
[0.384s] Level 1:colcon.colcon_core.package_discovery:discover_packages(recursive) check parameters
[0.384s] Level 1:colcon.colcon_core.package_discovery:discover_packages(ignore) check parameters
[0.384s] Level 1:colcon.colcon_core.package_discovery:discover_packages(path) check parameters
[0.384s] Level 1:colcon.colcon_core.package_discovery:discover_packages(colcon_meta) discover
[0.384s] Level 1:colcon.colcon_core.package_discovery:discover_packages(recursive) discover
[0.384s] INFO:colcon.colcon_core.package_discovery:Crawling recursively for packages in '/home/adnan/Ros2_WS_Final'
[0.384s] Level 1:colcon.colcon_core.package_identification:_identify(.) by extensions ['ignore', 'ignore_ament_install']
[0.384s] Level 1:colcon.colcon_core.package_identification:_identify(.) by extension 'ignore'
[0.385s] Level 1:colcon.colcon_core.package_identification:_identify(.) by extension 'ignore_ament_install'
[0.385s] Level 1:colcon.colcon_core.package_identification:_identify(.) by extensions ['colcon_pkg']
[0.385s] Level 1:colcon.colcon_core.package_identification:_identify(.) by extension 'colcon_pkg'
[0.385s] Level 1:colcon.colcon_core.package_identification:_identify(.) by extensions ['colcon_meta']
[0.385s] Level 1:colcon.colcon_core.package_identification:_identify(.) by extension 'colcon_meta'
[0.385s] Level 1:colcon.colcon_core.package_identification:_identify(.) by extensions ['ros']
[0.385s] Level 1:colcon.colcon_core.package_identification:_identify(.) by extension 'ros'
[0.403s] Level 1:colcon.colcon_core.package_identification:_identify(.) by extensions ['cmake', 'python']
[0.403s] Level 1:colcon.colcon_core.package_identification:_identify(.) by extension 'cmake'
[0.403s] Level 1:colcon.colcon_core.package_identification:_identify(.) by extension 'python'
[0.403s] Level 1:colcon.colcon_core.package_identification:_identify(.) by extensions ['python_setup_py']
[0.403s] Level 1:colcon.colcon_core.package_identification:_identify(.) by extension 'python_setup_py'
[0.404s] Level 1:colcon.colcon_core.package_identification:_identify(build) by extensions ['ignore', 'ignore_ament_install']
[0.404s] Level 1:colcon.colcon_core.package_identification:_identify(build) by extension 'ignore'
[0.404s] Level 1:colcon.colcon_core.package_identification:_identify(build) ignored
[0.404s] Level 1:colcon.colcon_core.package_identification:_identify(install) by extensions ['ignore', 'ignore_ament_install']
[0.404s] Level 1:colcon.colcon_core.package_identification:_identify(install) by extension 'ignore'
[0.404s] Level 1:colcon.colcon_core.package_identification:_identify(install) ignored
[0.404s] Level 1:colcon.colcon_core.package_identification:_identify(log) by extensions ['ignore', 'ignore_ament_install']
[0.404s] Level 1:colcon.colcon_core.package_identification:_identify(log) by extension 'ignore'
[0.405s] Level 1:colcon.colcon_core.package_identification:_identify(log) ignored
[0.405s] Level 1:colcon.colcon_core.package_identification:_identify(src) by extensions ['ignore', 'ignore_ament_install']
[0.405s] Level 1:colcon.colcon_core.package_identification:_identify(src) by extension 'ignore'
[0.405s] Level 1:colcon.colcon_core.package_identification:_identify(src) by extension 'ignore_ament_install'
[0.405s] Level 1:colcon.colcon_core.package_identification:_identify(src) by extensions ['colcon_pkg']
[0.405s] Level 1:colcon.colcon_core.package_identification:_identify(src) by extension 'colcon_pkg'
[0.405s] Level 1:colcon.colcon_core.package_identification:_identify(src) by extensions ['colcon_meta']
[0.405s] Level 1:colcon.colcon_core.package_identification:_identify(src) by extension 'colcon_meta'
[0.405s] Level 1:colcon.colcon_core.package_identification:_identify(src) by extensions ['ros']
[0.405s] Level 1:colcon.colcon_core.package_identification:_identify(src) by extension 'ros'
[0.405s] Level 1:colcon.colcon_core.package_identification:_identify(src) by extensions ['cmake', 'python']
[0.405s] Level 1:colcon.colcon_core.package_identification:_identify(src) by extension 'cmake'
[0.406s] Level 1:colcon.colcon_core.package_identification:_identify(src) by extension 'python'
[0.406s] Level 1:colcon.colcon_core.package_identification:_identify(src) by extensions ['python_setup_py']
[0.406s] Level 1:colcon.colcon_core.package_identification:_identify(src) by extension 'python_setup_py'
[0.406s] Level 1:colcon.colcon_core.package_identification:_identify(src/odometry_pkg) by extensions ['ignore', 'ignore_ament_install']
[0.406s] Level 1:colcon.colcon_core.package_identification:_identify(src/odometry_pkg) by extension 'ignore'
[0.406s] Level 1:colcon.colcon_core.package_identification:_identify(src/odometry_pkg) by extension 'ignore_ament_install'
[0.406s] Level 1:colcon.colcon_core.package_identification:_identify(src/odometry_pkg) by extensions ['colcon_pkg']
[0.406s] Level 1:colcon.colcon_core.package_identification:_identify(src/odometry_pkg) by extension 'colcon_pkg'
[0.406s] Level 1:colcon.colcon_core.package_identification:_identify(src/odometry_pkg) by extensions ['colcon_meta']
[0.406s] Level 1:colcon.colcon_core.package_identification:_identify(src/odometry_pkg) by extension 'colcon_meta'
[0.406s] Level 1:colcon.colcon_core.package_identification:_identify(src/odometry_pkg) by extensions ['ros']
[0.406s] Level 1:colcon.colcon_core.package_identification:_identify(src/odometry_pkg) by extension 'ros'
[0.410s] DEBUG:colcon.colcon_core.package_identification:Package 'src/odometry_pkg' with type 'ros.ament_python' and name 'odometry_pkg'
[0.410s] Level 1:colcon.colcon_core.package_identification:_identify(src/robot_publisher_pkg) by extensions ['ignore', 'ignore_ament_install']
[0.411s] Level 1:colcon.colcon_core.package_identification:_identify(src/robot_publisher_pkg) by extension 'ignore'
[0.411s] Level 1:colcon.colcon_core.package_identification:_identify(src/robot_publisher_pkg) by extension 'ignore_ament_install'
[0.411s] Level 1:colcon.colcon_core.package_identification:_identify(src/robot_publisher_pkg) by extensions ['colcon_pkg']
[0.411s] Level 1:colcon.colcon_core.package_identification:_identify(src/robot_publisher_pkg) by extension 'colcon_pkg'
[0.411s] Level 1:colcon.colcon_core.package_identification:_identify(src/robot_publisher_pkg) by extensions ['colcon_meta']
[0.411s] Level 1:colcon.colcon_core.package_identification:_identify(src/robot_publisher_pkg) by extension 'colcon_meta'
[0.411s] Level 1:colcon.colcon_core.package_identification:_identify(src/robot_publisher_pkg) by extensions ['ros']
[0.411s] Level 1:colcon.colcon_core.package_identification:_identify(src/robot_publisher_pkg) by extension 'ros'
[0.412s] DEBUG:colcon.colcon_core.package_identification:Package 'src/robot_publisher_pkg' with type 'ros.ament_python' and name 'robot_publisher_pkg'
[0.412s] Level 1:colcon.colcon_core.package_identification:_identify(src/teleop_twist_keyboard_pkg) by extensions ['ignore', 'ignore_ament_install']
[0.412s] Level 1:colcon.colcon_core.package_identification:_identify(src/teleop_twist_keyboard_pkg) by extension 'ignore'
[0.412s] Level 1:colcon.colcon_core.package_identification:_identify(src/teleop_twist_keyboard_pkg) by extension 'ignore_ament_install'
[0.412s] Level 1:colcon.colcon_core.package_identification:_identify(src/teleop_twist_keyboard_pkg) by extensions ['colcon_pkg']
[0.412s] Level 1:colcon.colcon_core.package_identification:_identify(src/teleop_twist_keyboard_pkg) by extension 'colcon_pkg'
[0.412s] Level 1:colcon.colcon_core.package_identification:_identify(src/teleop_twist_keyboard_pkg) by extensions ['colcon_meta']
[0.412s] Level 1:colcon.colcon_core.package_identification:_identify(src/teleop_twist_keyboard_pkg) by extension 'colcon_meta'
[0.413s] Level 1:colcon.colcon_core.package_identification:_identify(src/teleop_twist_keyboard_pkg) by extensions ['ros']
[0.413s] Level 1:colcon.colcon_core.package_identification:_identify(src/teleop_twist_keyboard_pkg) by extension 'ros'
[0.413s] DEBUG:colcon.colcon_core.package_identification:Package 'src/teleop_twist_keyboard_pkg' with type 'ros.ament_python' and name 'teleop_twist_keyboard_pkg'
[0.413s] Level 1:colcon.colcon_core.package_discovery:discover_packages(recursive) using defaults
[0.414s] Level 1:colcon.colcon_core.package_discovery:discover_packages(ignore) discover
[0.414s] Level 1:colcon.colcon_core.package_discovery:discover_packages(ignore) using defaults
[0.414s] Level 1:colcon.colcon_core.package_discovery:discover_packages(path) discover
[0.414s] Level 1:colcon.colcon_core.package_discovery:discover_packages(path) using defaults
[0.445s] Level 1:colcon.colcon_core.package_discovery:discover_packages(prefix_path) check parameters
[0.445s] Level 1:colcon.colcon_core.package_discovery:discover_packages(prefix_path) discover
[0.448s] DEBUG:colcon.colcon_installed_package_information.package_discovery:Found 3 installed packages in /home/adnan/Ros2_WS_Final/install
[0.450s] DEBUG:colcon.colcon_installed_package_information.package_discovery:Found 331 installed packages in /opt/ros/humble
[0.453s] Level 1:colcon.colcon_core.package_discovery:discover_packages(prefix_path) using defaults
[0.533s] Level 5:colcon.colcon_core.verb:set package 'odometry_pkg' build argument 'cmake_args' from command line to 'None'
[0.534s] Level 5:colcon.colcon_core.verb:set package 'odometry_pkg' build argument 'cmake_target' from command line to 'None'
[0.534s] Level 5:colcon.colcon_core.verb:set package 'odometry_pkg' build argument 'cmake_target_skip_unavailable' from command line to 'False'
[0.534s] Level 5:colcon.colcon_core.verb:set package 'odometry_pkg' build argument 'cmake_clean_cache' from command line to 'False'
[0.534s] Level 5:colcon.colcon_core.verb:set package 'odometry_pkg' build argument 'cmake_clean_first' from command line to 'False'
[0.534s] Level 5:colcon.colcon_core.verb:set package 'odometry_pkg' build argument 'cmake_force_configure' from command line to 'False'
[0.534s] Level 5:colcon.colcon_core.verb:set package 'odometry_pkg' build argument 'ament_cmake_args' from command line to 'None'
[0.534s] Level 5:colcon.colcon_core.verb:set package 'odometry_pkg' build argument 'catkin_cmake_args' from command line to 'None'
[0.534s] Level 5:colcon.colcon_core.verb:set package 'odometry_pkg' build argument 'catkin_skip_building_tests' from command line to 'False'
[0.534s] DEBUG:colcon.colcon_core.verb:Building package 'odometry_pkg' with the following arguments: {'ament_cmake_args': None, 'build_base': '/home/adnan/Ros2_WS_Final/build/odometry_pkg', 'catkin_cmake_args': None, 'catkin_skip_building_tests': False, 'cmake_args': None, 'cmake_clean_cache': False, 'cmake_clean_first': False, 'cmake_force_configure': False, 'cmake_target': None, 'cmake_target_skip_unavailable': False, 'install_base': '/home/adnan/Ros2_WS_Final/install/odometry_pkg', 'merge_install': False, 'path': '/home/adnan/Ros2_WS_Final/src/odometry_pkg', 'symlink_install': False, 'test_result_base': None}
[0.534s] Level 5:colcon.colcon_core.verb:set package 'robot_publisher_pkg' build argument 'cmake_args' from command line to 'None'
[0.535s] Level 5:colcon.colcon_core.verb:set package 'robot_publisher_pkg' build argument 'cmake_target' from command line to 'None'
[0.535s] Level 5:colcon.colcon_core.verb:set package 'robot_publisher_pkg' build argument 'cmake_target_skip_unavailable' from command line to 'False'
[0.535s] Level 5:colcon.colcon_core.verb:set package 'robot_publisher_pkg' build argument 'cmake_clean_cache' from command line to 'False'
[0.535s] Level 5:colcon.colcon_core.verb:set package 'robot_publisher_pkg' build argument 'cmake_clean_first' from command line to 'False'
[0.535s] Level 5:colcon.colcon_core.verb:set package 'robot_publisher_pkg' build argument 'cmake_force_configure' from command line to 'False'
[0.535s] Level 5:colcon.colcon_core.verb:set package 'robot_publisher_pkg' build argument 'ament_cmake_args' from command line to 'None'
[0.535s] Level 5:colcon.colcon_core.verb:set package 'robot_publisher_pkg' build argument 'catkin_cmake_args' from command line to 'None'
[0.535s] Level 5:colcon.colcon_core.verb:set package 'robot_publisher_pkg' build argument 'catkin_skip_building_tests' from command line to 'False'
[0.535s] DEBUG:colcon.colcon_core.verb:Building package 'robot_publisher_pkg' with the following arguments: {'ament_cmake_args': None, 'build_base': '/home/adnan/Ros2_WS_Final/build/robot_publisher_pkg', 'catkin_cmake_args': None, 'catkin_skip_building_tests': False, 'cmake_args': None, 'cmake_clean_cache': False, 'cmake_clean_first': False, 'cmake_force_configure': False, 'cmake_target': None, 'cmake_target_skip_unavailable': False, 'install_base': '/home/adnan/Ros2_WS_Final/install/robot_publisher_pkg', 'merge_install': False, 'path': '/home/adnan/Ros2_WS_Final/src/robot_publisher_pkg', 'symlink_install': False, 'test_result_base': None}
[0.535s] Level 5:colcon.colcon_core.verb:set package 'teleop_twist_keyboard_pkg' build argument 'cmake_args' from command line to 'None'
[0.535s] Level 5:colcon.colcon_core.verb:set package 'teleop_twist_keyboard_pkg' build argument 'cmake_target' from command line to 'None'
[0.535s] Level 5:colcon.colcon_core.verb:set package 'teleop_twist_keyboard_pkg' build argument 'cmake_target_skip_unavailable' from command line to 'False'
[0.536s] Level 5:colcon.colcon_core.verb:set package 'teleop_twist_keyboard_pkg' build argument 'cmake_clean_cache' from command line to 'False'
[0.536s] Level 5:colcon.colcon_core.verb:set package 'teleop_twist_keyboard_pkg' build argument 'cmake_clean_first' from command line to 'False'
[0.536s] Level 5:colcon.colcon_core.verb:set package 'teleop_twist_keyboard_pkg' build argument 'cmake_force_configure' from command line to 'False'
[0.536s] Level 5:colcon.colcon_core.verb:set package 'teleop_twist_keyboard_pkg' build argument 'ament_cmake_args' from command line to 'None'
[0.536s] Level 5:colcon.colcon_core.verb:set package 'teleop_twist_keyboard_pkg' build argument 'catkin_cmake_args' from command line to 'None'
[0.536s] Level 5:colcon.colcon_core.verb:set package 'teleop_twist_keyboard_pkg' build argument 'catkin_skip_building_tests' from command line to 'False'
[0.536s] DEBUG:colcon.colcon_core.verb:Building package 'teleop_twist_keyboard_pkg' with the following arguments: {'ament_cmake_args': None, 'build_base': '/home/adnan/Ros2_WS_Final/build/teleop_twist_keyboard_pkg', 'catkin_cmake_args': None, 'catkin_skip_building_tests': False, 'cmake_args': None, 'cmake_clean_cache': False, 'cmake_clean_first': False, 'cmake_force_configure': False, 'cmake_target': None, 'cmake_target_skip_unavailable': False, 'install_base': '/home/adnan/Ros2_WS_Final/install/teleop_twist_keyboard_pkg', 'merge_install': False, 'path': '/home/adnan/Ros2_WS_Final/src/teleop_twist_keyboard_pkg', 'symlink_install': False, 'test_result_base': None}
[0.536s] INFO:colcon.colcon_core.executor:Executing jobs using 'parallel' executor
[0.538s] DEBUG:colcon.colcon_parallel_executor.executor.parallel:run_until_complete
[0.538s] INFO:colcon.colcon_ros.task.ament_python.build:Building ROS package in '/home/adnan/Ros2_WS_Final/src/odometry_pkg' with build type 'ament_python'
[0.539s] Level 1:colcon.colcon_core.shell:create_environment_hook('odometry_pkg', 'ament_prefix_path')
[0.545s] INFO:colcon.colcon_core.plugin_system:Skipping extension 'colcon_core.shell.bat': Not used on non-Windows systems
[0.545s] INFO:colcon.colcon_core.shell:Creating environment hook '/home/adnan/Ros2_WS_Final/install/odometry_pkg/share/odometry_pkg/hook/ament_prefix_path.ps1'
[0.547s] INFO:colcon.colcon_core.shell:Creating environment descriptor '/home/adnan/Ros2_WS_Final/install/odometry_pkg/share/odometry_pkg/hook/ament_prefix_path.dsv'
[0.548s] INFO:colcon.colcon_core.shell:Creating environment hook '/home/adnan/Ros2_WS_Final/install/odometry_pkg/share/odometry_pkg/hook/ament_prefix_path.sh'
[0.550s] INFO:colcon.colcon_core.shell:Skip shell extension 'powershell' for command environment: Not usable outside of PowerShell
[0.551s] DEBUG:colcon.colcon_core.shell:Skip shell extension 'dsv' for command environment
[0.560s] INFO:colcon.colcon_ros.task.ament_python.build:Building ROS package in '/home/adnan/Ros2_WS_Final/src/robot_publisher_pkg' with build type 'ament_python'
[0.561s] Level 1:colcon.colcon_core.shell:create_environment_hook('robot_publisher_pkg', 'ament_prefix_path')
[0.561s] INFO:colcon.colcon_core.shell:Creating environment hook '/home/adnan/Ros2_WS_Final/install/robot_publisher_pkg/share/robot_publisher_pkg/hook/ament_prefix_path.ps1'
[0.562s] INFO:colcon.colcon_core.shell:Creating environment descriptor '/home/adnan/Ros2_WS_Final/install/robot_publisher_pkg/share/robot_publisher_pkg/hook/ament_prefix_path.dsv'
[0.563s] INFO:colcon.colcon_core.shell:Creating environment hook '/home/adnan/Ros2_WS_Final/install/robot_publisher_pkg/share/robot_publisher_pkg/hook/ament_prefix_path.sh'
[0.564s] INFO:colcon.colcon_core.shell:Skip shell extension 'powershell' for command environment: Not usable outside of PowerShell
[0.564s] DEBUG:colcon.colcon_core.shell:Skip shell extension 'dsv' for command environment
[0.569s] INFO:colcon.colcon_ros.task.ament_python.build:Building ROS package in '/home/adnan/Ros2_WS_Final/src/teleop_twist_keyboard_pkg' with build type 'ament_python'
[0.569s] Level 1:colcon.colcon_core.shell:create_environment_hook('teleop_twist_keyboard_pkg', 'ament_prefix_path')
[0.570s] INFO:colcon.colcon_core.shell:Creating environment hook '/home/adnan/Ros2_WS_Final/install/teleop_twist_keyboard_pkg/share/teleop_twist_keyboard_pkg/hook/ament_prefix_path.ps1'
[0.571s] INFO:colcon.colcon_core.shell:Creating environment descriptor '/home/adnan/Ros2_WS_Final/install/teleop_twist_keyboard_pkg/share/teleop_twist_keyboard_pkg/hook/ament_prefix_path.dsv'
[0.572s] INFO:colcon.colcon_core.shell:Creating environment hook '/home/adnan/Ros2_WS_Final/install/teleop_twist_keyboard_pkg/share/teleop_twist_keyboard_pkg/hook/ament_prefix_path.sh'
[0.573s] INFO:colcon.colcon_core.shell:Skip shell extension 'powershell' for command environment: Not usable outside of PowerShell
[0.573s] DEBUG:colcon.colcon_core.shell:Skip shell extension 'dsv' for command environment
[1.079s] INFO:colcon.colcon_core.task.python.build:Building Python package in '/home/adnan/Ros2_WS_Final/src/odometry_pkg'
[1.079s] INFO:colcon.colcon_core.shell:Skip shell extension 'powershell' for command environment: Not usable outside of PowerShell
[1.079s] DEBUG:colcon.colcon_core.shell:Skip shell extension 'dsv' for command environment
[1.581s] WARNING:colcon.colcon_ros.task.ament_python.build:Package 'robot_publisher_pkg' doesn't explicitly install a marker in the package index (colcon-ros currently does it implicitly but that fallback will be removed in the future)
[1.581s] INFO:colcon.colcon_core.task.python.build:Building Python package in '/home/adnan/Ros2_WS_Final/src/robot_publisher_pkg'
[1.582s] INFO:colcon.colcon_core.shell:Skip shell extension 'powershell' for command environment: Not usable outside of PowerShell
[1.582s] DEBUG:colcon.colcon_core.shell:Skip shell extension 'dsv' for command environment
[2.064s] INFO:colcon.colcon_core.task.python.build:Building Python package in '/home/adnan/Ros2_WS_Final/src/teleop_twist_keyboard_pkg'
[2.065s] INFO:colcon.colcon_core.shell:Skip shell extension 'powershell' for command environment: Not usable outside of PowerShell
[2.065s] DEBUG:colcon.colcon_core.shell:Skip shell extension 'dsv' for command environment
[2.912s] DEBUG:colcon.colcon_core.event_handler.log_command:Invoking command in '/home/adnan/Ros2_WS_Final/src/odometry_pkg': PYTHONPATH=/home/adnan/Ros2_WS_Final/build/odometry_pkg/prefix_override:/usr/lib/python3/dist-packages/colcon_core/task/python/colcon_distutils_commands:/home/adnan/Ros2_WS_Final/install/odometry_pkg/lib/python3.10/site-packages:${PYTHONPATH} /usr/bin/python3 -W ignore:setup.py install is deprecated setup.py egg_info --egg-base ../../build/odometry_pkg build --build-base /home/adnan/Ros2_WS_Final/build/odometry_pkg/build install --record /home/adnan/Ros2_WS_Final/build/odometry_pkg/install.log --single-version-externally-managed install_data
[3.098s] DEBUG:colcon.colcon_core.event_handler.log_command:Invoking command in '/home/adnan/Ros2_WS_Final/src/teleop_twist_keyboard_pkg': PYTHONPATH=/home/adnan/Ros2_WS_Final/build/teleop_twist_keyboard_pkg/prefix_override:/usr/lib/python3/dist-packages/colcon_core/task/python/colcon_distutils_commands:/home/adnan/Ros2_WS_Final/install/teleop_twist_keyboard_pkg/lib/python3.10/site-packages:${PYTHONPATH} /usr/bin/python3 -W ignore:setup.py install is deprecated setup.py egg_info --egg-base ../../build/teleop_twist_keyboard_pkg build --build-base /home/adnan/Ros2_WS_Final/build/teleop_twist_keyboard_pkg/build install --record /home/adnan/Ros2_WS_Final/build/teleop_twist_keyboard_pkg/install.log --single-version-externally-managed install_data
[3.158s] DEBUG:colcon.colcon_core.event_handler.log_command:Invoking command in '/home/adnan/Ros2_WS_Final/src/robot_publisher_pkg': PYTHONPATH=/home/adnan/Ros2_WS_Final/build/robot_publisher_pkg/prefix_override:/usr/lib/python3/dist-packages/colcon_core/task/python/colcon_distutils_commands:/home/adnan/Ros2_WS_Final/install/robot_publisher_pkg/lib/python3.10/site-packages:${PYTHONPATH} /usr/bin/python3 -W ignore:setup.py install is deprecated setup.py egg_info --egg-base ../../build/robot_publisher_pkg build --build-base /home/adnan/Ros2_WS_Final/build/robot_publisher_pkg/build install --record /home/adnan/Ros2_WS_Final/build/robot_publisher_pkg/install.log --single-version-externally-managed install_data
[3.764s] DEBUG:colcon.colcon_core.event_handler.log_command:Invoked command in '/home/adnan/Ros2_WS_Final/src/odometry_pkg' returned '0': PYTHONPATH=/home/adnan/Ros2_WS_Final/build/odometry_pkg/prefix_override:/usr/lib/python3/dist-packages/colcon_core/task/python/colcon_distutils_commands:/home/adnan/Ros2_WS_Final/install/odometry_pkg/lib/python3.10/site-packages:${PYTHONPATH} /usr/bin/python3 -W ignore:setup.py install is deprecated setup.py egg_info --egg-base ../../build/odometry_pkg build --build-base /home/adnan/Ros2_WS_Final/build/odometry_pkg/build install --record /home/adnan/Ros2_WS_Final/build/odometry_pkg/install.log --single-version-externally-managed install_data
[3.769s] Level 1:colcon.colcon_core.environment:checking '/home/adnan/Ros2_WS_Final/install/odometry_pkg' for CMake module files
[3.770s] Level 1:colcon.colcon_core.environment:checking '/home/adnan/Ros2_WS_Final/install/odometry_pkg' for CMake config files
[3.771s] Level 1:colcon.colcon_core.environment:checking '/home/adnan/Ros2_WS_Final/install/odometry_pkg/lib'
[3.771s] Level 1:colcon.colcon_core.environment:checking '/home/adnan/Ros2_WS_Final/install/odometry_pkg/bin'
[3.771s] Level 1:colcon.colcon_core.environment:checking '/home/adnan/Ros2_WS_Final/install/odometry_pkg/lib/pkgconfig/odometry_pkg.pc'
[3.772s] Level 1:colcon.colcon_core.environment:checking '/home/adnan/Ros2_WS_Final/install/odometry_pkg/lib/python3.10/site-packages'
[3.772s] Level 1:colcon.colcon_core.shell:create_environment_hook('odometry_pkg', 'pythonpath')
[3.773s] INFO:colcon.colcon_core.shell:Creating environment hook '/home/adnan/Ros2_WS_Final/install/odometry_pkg/share/odometry_pkg/hook/pythonpath.ps1'
[3.775s] INFO:colcon.colcon_core.shell:Creating environment descriptor '/home/adnan/Ros2_WS_Final/install/odometry_pkg/share/odometry_pkg/hook/pythonpath.dsv'
[3.776s] INFO:colcon.colcon_core.shell:Creating environment hook '/home/adnan/Ros2_WS_Final/install/odometry_pkg/share/odometry_pkg/hook/pythonpath.sh'
[3.777s] Level 1:colcon.colcon_core.environment:checking '/home/adnan/Ros2_WS_Final/install/odometry_pkg/bin'
[3.778s] Level 1:colcon.colcon_core.environment:create_environment_scripts_only(odometry_pkg)
[3.779s] INFO:colcon.colcon_core.shell:Creating package script '/home/adnan/Ros2_WS_Final/install/odometry_pkg/share/odometry_pkg/package.ps1'
[3.781s] INFO:colcon.colcon_core.shell:Creating package descriptor '/home/adnan/Ros2_WS_Final/install/odometry_pkg/share/odometry_pkg/package.dsv'
[3.783s] INFO:colcon.colcon_core.shell:Creating package script '/home/adnan/Ros2_WS_Final/install/odometry_pkg/share/odometry_pkg/package.sh'
[3.785s] INFO:colcon.colcon_core.shell:Creating package script '/home/adnan/Ros2_WS_Final/install/odometry_pkg/share/odometry_pkg/package.bash'
[3.787s] INFO:colcon.colcon_core.shell:Creating package script '/home/adnan/Ros2_WS_Final/install/odometry_pkg/share/odometry_pkg/package.zsh'
[3.793s] Level 1:colcon.colcon_core.environment:create_file_with_runtime_dependencies(/home/adnan/Ros2_WS_Final/install/odometry_pkg/share/colcon-core/packages/odometry_pkg)
[3.796s] Level 1:colcon.colcon_core.environment:checking '/home/adnan/Ros2_WS_Final/install/teleop_twist_keyboard_pkg' for CMake module files
[3.799s] Level 1:colcon.colcon_core.environment:checking '/home/adnan/Ros2_WS_Final/install/teleop_twist_keyboard_pkg' for CMake config files
[3.801s] DEBUG:colcon.colcon_core.event_handler.log_command:Invoked command in '/home/adnan/Ros2_WS_Final/src/teleop_twist_keyboard_pkg' returned '0': PYTHONPATH=/home/adnan/Ros2_WS_Final/build/teleop_twist_keyboard_pkg/prefix_override:/usr/lib/python3/dist-packages/colcon_core/task/python/colcon_distutils_commands:/home/adnan/Ros2_WS_Final/install/teleop_twist_keyboard_pkg/lib/python3.10/site-packages:${PYTHONPATH} /usr/bin/python3 -W ignore:setup.py install is deprecated setup.py egg_info --egg-base ../../build/teleop_twist_keyboard_pkg build --build-base /home/adnan/Ros2_WS_Final/build/teleop_twist_keyboard_pkg/build install --record /home/adnan/Ros2_WS_Final/build/teleop_twist_keyboard_pkg/install.log --single-version-externally-managed install_data
[3.805s] Level 1:colcon.colcon_core.environment:checking '/home/adnan/Ros2_WS_Final/install/teleop_twist_keyboard_pkg/lib'
[3.805s] Level 1:colcon.colcon_core.environment:checking '/home/adnan/Ros2_WS_Final/install/teleop_twist_keyboard_pkg/bin'
[3.806s] Level 1:colcon.colcon_core.environment:checking '/home/adnan/Ros2_WS_Final/install/teleop_twist_keyboard_pkg/lib/pkgconfig/teleop_twist_keyboard_pkg.pc'
[3.806s] Level 1:colcon.colcon_core.environment:checking '/home/adnan/Ros2_WS_Final/install/teleop_twist_keyboard_pkg/lib/python3.10/site-packages'
[3.807s] Level 1:colcon.colcon_core.shell:create_environment_hook('teleop_twist_keyboard_pkg', 'pythonpath')
[3.807s] INFO:colcon.colcon_core.shell:Creating environment hook '/home/adnan/Ros2_WS_Final/install/teleop_twist_keyboard_pkg/share/teleop_twist_keyboard_pkg/hook/pythonpath.ps1'
[3.810s] INFO:colcon.colcon_core.shell:Creating environment descriptor '/home/adnan/Ros2_WS_Final/install/teleop_twist_keyboard_pkg/share/teleop_twist_keyboard_pkg/hook/pythonpath.dsv'
[3.812s] INFO:colcon.colcon_core.shell:Creating environment hook '/home/adnan/Ros2_WS_Final/install/teleop_twist_keyboard_pkg/share/teleop_twist_keyboard_pkg/hook/pythonpath.sh'
[3.814s] Level 1:colcon.colcon_core.environment:checking '/home/adnan/Ros2_WS_Final/install/teleop_twist_keyboard_pkg/bin'
[3.815s] Level 1:colcon.colcon_core.environment:create_environment_scripts_only(teleop_twist_keyboard_pkg)
[3.816s] INFO:colcon.colcon_core.shell:Creating package script '/home/adnan/Ros2_WS_Final/install/teleop_twist_keyboard_pkg/share/teleop_twist_keyboard_pkg/package.ps1'
[3.817s] INFO:colcon.colcon_core.shell:Creating package descriptor '/home/adnan/Ros2_WS_Final/install/teleop_twist_keyboard_pkg/share/teleop_twist_keyboard_pkg/package.dsv'
[3.818s] INFO:colcon.colcon_core.shell:Creating package script '/home/adnan/Ros2_WS_Final/install/teleop_twist_keyboard_pkg/share/teleop_twist_keyboard_pkg/package.sh'
[3.819s] INFO:colcon.colcon_core.shell:Creating package script '/home/adnan/Ros2_WS_Final/install/teleop_twist_keyboard_pkg/share/teleop_twist_keyboard_pkg/package.bash'
[3.821s] INFO:colcon.colcon_core.shell:Creating package script '/home/adnan/Ros2_WS_Final/install/teleop_twist_keyboard_pkg/share/teleop_twist_keyboard_pkg/package.zsh'
[3.822s] Level 1:colcon.colcon_core.environment:create_file_with_runtime_dependencies(/home/adnan/Ros2_WS_Final/install/teleop_twist_keyboard_pkg/share/colcon-core/packages/teleop_twist_keyboard_pkg)
[3.912s] Level 1:colcon.colcon_core.environment:checking '/home/adnan/Ros2_WS_Final/install/robot_publisher_pkg' for CMake module files
[3.913s] DEBUG:colcon.colcon_core.event_handler.log_command:Invoked command in '/home/adnan/Ros2_WS_Final/src/robot_publisher_pkg' returned '0': PYTHONPATH=/home/adnan/Ros2_WS_Final/build/robot_publisher_pkg/prefix_override:/usr/lib/python3/dist-packages/colcon_core/task/python/colcon_distutils_commands:/home/adnan/Ros2_WS_Final/install/robot_publisher_pkg/lib/python3.10/site-packages:${PYTHONPATH} /usr/bin/python3 -W ignore:setup.py install is deprecated setup.py egg_info --egg-base ../../build/robot_publisher_pkg build --build-base /home/adnan/Ros2_WS_Final/build/robot_publisher_pkg/build install --record /home/adnan/Ros2_WS_Final/build/robot_publisher_pkg/install.log --single-version-externally-managed install_data
[3.914s] Level 1:colcon.colcon_core.environment:checking '/home/adnan/Ros2_WS_Final/install/robot_publisher_pkg' for CMake config files
[3.915s] Level 1:colcon.colcon_core.environment:checking '/home/adnan/Ros2_WS_Final/install/robot_publisher_pkg/lib'
[3.915s] Level 1:colcon.colcon_core.environment:checking '/home/adnan/Ros2_WS_Final/install/robot_publisher_pkg/bin'
[3.915s] Level 1:colcon.colcon_core.environment:checking '/home/adnan/Ros2_WS_Final/install/robot_publisher_pkg/lib/pkgconfig/robot_publisher_pkg.pc'
[3.916s] Level 1:colcon.colcon_core.environment:checking '/home/adnan/Ros2_WS_Final/install/robot_publisher_pkg/lib/python3.10/site-packages'
[3.916s] Level 1:colcon.colcon_core.shell:create_environment_hook('robot_publisher_pkg', 'pythonpath')
[3.917s] INFO:colcon.colcon_core.shell:Creating environment hook '/home/adnan/Ros2_WS_Final/install/robot_publisher_pkg/share/robot_publisher_pkg/hook/pythonpath.ps1'
[3.918s] INFO:colcon.colcon_core.shell:Creating environment descriptor '/home/adnan/Ros2_WS_Final/install/robot_publisher_pkg/share/robot_publisher_pkg/hook/pythonpath.dsv'
[3.920s] INFO:colcon.colcon_core.shell:Creating environment hook '/home/adnan/Ros2_WS_Final/install/robot_publisher_pkg/share/robot_publisher_pkg/hook/pythonpath.sh'
[3.921s] Level 1:colcon.colcon_core.environment:checking '/home/adnan/Ros2_WS_Final/install/robot_publisher_pkg/bin'
[3.922s] Level 1:colcon.colcon_core.environment:create_environment_scripts_only(robot_publisher_pkg)
[3.922s] INFO:colcon.colcon_core.shell:Creating package script '/home/adnan/Ros2_WS_Final/install/robot_publisher_pkg/share/robot_publisher_pkg/package.ps1'
[3.924s] INFO:colcon.colcon_core.shell:Creating package descriptor '/home/adnan/Ros2_WS_Final/install/robot_publisher_pkg/share/robot_publisher_pkg/package.dsv'
[3.925s] INFO:colcon.colcon_core.shell:Creating package script '/home/adnan/Ros2_WS_Final/install/robot_publisher_pkg/share/robot_publisher_pkg/package.sh'
[3.926s] INFO:colcon.colcon_core.shell:Creating package script '/home/adnan/Ros2_WS_Final/install/robot_publisher_pkg/share/robot_publisher_pkg/package.bash'
[3.928s] INFO:colcon.colcon_core.shell:Creating package script '/home/adnan/Ros2_WS_Final/install/robot_publisher_pkg/share/robot_publisher_pkg/package.zsh'
[3.928s] Level 1:colcon.colcon_core.environment:create_file_with_runtime_dependencies(/home/adnan/Ros2_WS_Final/install/robot_publisher_pkg/share/colcon-core/packages/robot_publisher_pkg)
[3.929s] DEBUG:colcon.colcon_parallel_executor.executor.parallel:closing loop
[3.930s] DEBUG:colcon.colcon_parallel_executor.executor.parallel:loop closed
[3.930s] DEBUG:colcon.colcon_parallel_executor.executor.parallel:run_until_complete finished with '0'
[3.930s] DEBUG:colcon.colcon_core.event_reactor:joining thread
[3.944s] INFO:colcon.colcon_core.plugin_system:Skipping extension 'colcon_notification.desktop_notification.terminal_notifier': Not used on non-Darwin systems
[3.944s] INFO:colcon.colcon_core.plugin_system:Skipping extension 'colcon_notification.desktop_notification.win32': Not used on non-Windows systems
[3.944s] INFO:colcon.colcon_notification.desktop_notification:Sending desktop notification using 'notify2'
[3.968s] DEBUG:colcon.colcon_core.event_reactor:joined thread
[3.968s] INFO:colcon.colcon_core.shell:Creating prefix script '/home/adnan/Ros2_WS_Final/install/local_setup.ps1'
[3.970s] INFO:colcon.colcon_core.shell:Creating prefix util module '/home/adnan/Ros2_WS_Final/install/_local_setup_util_ps1.py'
[3.973s] INFO:colcon.colcon_core.shell:Creating prefix chain script '/home/adnan/Ros2_WS_Final/install/setup.ps1'
[3.977s] INFO:colcon.colcon_core.shell:Creating prefix script '/home/adnan/Ros2_WS_Final/install/local_setup.sh'
[3.979s] INFO:colcon.colcon_core.shell:Creating prefix util module '/home/adnan/Ros2_WS_Final/install/_local_setup_util_sh.py'
[3.981s] INFO:colcon.colcon_core.shell:Creating prefix chain script '/home/adnan/Ros2_WS_Final/install/setup.sh'
[3.983s] INFO:colcon.colcon_core.shell:Creating prefix script '/home/adnan/Ros2_WS_Final/install/local_setup.bash'
[3.985s] INFO:colcon.colcon_core.shell:Creating prefix chain script '/home/adnan/Ros2_WS_Final/install/setup.bash'
[3.987s] INFO:colcon.colcon_core.shell:Creating prefix script '/home/adnan/Ros2_WS_Final/install/local_setup.zsh'
[3.989s] INFO:colcon.colcon_core.shell:Creating prefix chain script '/home/adnan/Ros2_WS_Final/install/setup.zsh'
