[1.918s] Invoking command in '/home/adnan/Ros2_WS_Final/src/teleop_twist_keyboard_pkg': PYTHONPATH=/home/adnan/Ros2_WS_Final/build/teleop_twist_keyboard_pkg/prefix_override:/usr/lib/python3/dist-packages/colcon_core/task/python/colcon_distutils_commands:/home/adnan/Ros2_WS_Final/install/teleop_twist_keyboard_pkg/lib/python3.10/site-packages:${PYTHONPATH} /usr/bin/python3 -W ignore:setup.py install is deprecated setup.py egg_info --egg-base ../../build/teleop_twist_keyboard_pkg build --build-base /home/adnan/Ros2_WS_Final/build/teleop_twist_keyboard_pkg/build install --record /home/adnan/Ros2_WS_Final/build/teleop_twist_keyboard_pkg/install.log --single-version-externally-managed install_data
[2.380s] running egg_info
[2.382s] writing ../../build/teleop_twist_keyboard_pkg/teleop_twist_keyboard_pkg.egg-info/PKG-INFO
[2.383s] writing dependency_links to ../../build/teleop_twist_keyboard_pkg/teleop_twist_keyboard_pkg.egg-info/dependency_links.txt
[2.384s] writing entry points to ../../build/teleop_twist_keyboard_pkg/teleop_twist_keyboard_pkg.egg-info/entry_points.txt
[2.385s] writing requirements to ../../build/teleop_twist_keyboard_pkg/teleop_twist_keyboard_pkg.egg-info/requires.txt
[2.385s] writing top-level names to ../../build/teleop_twist_keyboard_pkg/teleop_twist_keyboard_pkg.egg-info/top_level.txt
[2.390s] reading manifest file '../../build/teleop_twist_keyboard_pkg/teleop_twist_keyboard_pkg.egg-info/SOURCES.txt'
[2.393s] writing manifest file '../../build/teleop_twist_keyboard_pkg/teleop_twist_keyboard_pkg.egg-info/SOURCES.txt'
[2.393s] running build
[2.393s] running build_py
[2.395s] running install
[2.397s] running install_lib
[2.397s] running install_data
[2.398s] running install_egg_info
[2.405s] removing '/home/adnan/Ros2_WS_Final/install/teleop_twist_keyboard_pkg/lib/python3.10/site-packages/teleop_twist_keyboard_pkg-0.0.0-py3.10.egg-info' (and everything under it)
[2.406s] Copying ../../build/teleop_twist_keyboard_pkg/teleop_twist_keyboard_pkg.egg-info to /home/adnan/Ros2_WS_Final/install/teleop_twist_keyboard_pkg/lib/python3.10/site-packages/teleop_twist_keyboard_pkg-0.0.0-py3.10.egg-info
[2.412s] running install_scripts
[2.467s] Installing teleop_twist_keyboard script to /home/adnan/Ros2_WS_Final/install/teleop_twist_keyboard_pkg/lib/teleop_twist_keyboard_pkg
[2.468s] writing list of installed files to '/home/adnan/Ros2_WS_Final/build/teleop_twist_keyboard_pkg/install.log'
[2.565s] Invoked command in '/home/adnan/Ros2_WS_Final/src/teleop_twist_keyboard_pkg' returned '0': PYTHONPATH=/home/adnan/Ros2_WS_Final/build/teleop_twist_keyboard_pkg/prefix_override:/usr/lib/python3/dist-packages/colcon_core/task/python/colcon_distutils_commands:/home/adnan/Ros2_WS_Final/install/teleop_twist_keyboard_pkg/lib/python3.10/site-packages:${PYTHONPATH} /usr/bin/python3 -W ignore:setup.py install is deprecated setup.py egg_info --egg-base ../../build/teleop_twist_keyboard_pkg build --build-base /home/adnan/Ros2_WS_Final/build/teleop_twist_keyboard_pkg/build install --record /home/adnan/Ros2_WS_Final/build/teleop_twist_keyboard_pkg/install.log --single-version-externally-managed install_data
