[1.977s] Invoking command in '/home/adnan/Ros2_WS_Final/src/robot_publisher_pkg': PYTHONPATH=/home/adnan/Ros2_WS_Final/build/robot_publisher_pkg/prefix_override:/usr/lib/python3/dist-packages/colcon_core/task/python/colcon_distutils_commands:/home/adnan/Ros2_WS_Final/install/robot_publisher_pkg/lib/python3.10/site-packages:${PYTHONPATH} /usr/bin/python3 -W ignore:setup.py install is deprecated setup.py egg_info --egg-base ../../build/robot_publisher_pkg build --build-base /home/adnan/Ros2_WS_Final/build/robot_publisher_pkg/build install --record /home/adnan/Ros2_WS_Final/build/robot_publisher_pkg/install.log --single-version-externally-managed install_data
[2.381s] running egg_info
[2.381s] writing ../../build/robot_publisher_pkg/robot_publisher_pkg.egg-info/PKG-INFO
[2.382s] writing dependency_links to ../../build/robot_publisher_pkg/robot_publisher_pkg.egg-info/dependency_links.txt
[2.383s] writing entry points to ../../build/robot_publisher_pkg/robot_publisher_pkg.egg-info/entry_points.txt
[2.384s] writing requirements to ../../build/robot_publisher_pkg/robot_publisher_pkg.egg-info/requires.txt
[2.384s] writing top-level names to ../../build/robot_publisher_pkg/robot_publisher_pkg.egg-info/top_level.txt
[2.386s] reading manifest file '../../build/robot_publisher_pkg/robot_publisher_pkg.egg-info/SOURCES.txt'
[2.388s] writing manifest file '../../build/robot_publisher_pkg/robot_publisher_pkg.egg-info/SOURCES.txt'
[2.388s] running build
[2.389s] running build_py
[2.390s] running install
[2.390s] running install_lib
[2.391s] running install_data
[2.392s] running install_egg_info
[2.395s] removing '/home/adnan/Ros2_WS_Final/install/robot_publisher_pkg/lib/python3.10/site-packages/robot_publisher_pkg-0.0.0-py3.10.egg-info' (and everything under it)
[2.396s] Copying ../../build/robot_publisher_pkg/robot_publisher_pkg.egg-info to /home/adnan/Ros2_WS_Final/install/robot_publisher_pkg/lib/python3.10/site-packages/robot_publisher_pkg-0.0.0-py3.10.egg-info
[2.397s] running install_scripts
[2.434s] Installing robot_publisher script to /home/adnan/Ros2_WS_Final/install/robot_publisher_pkg/lib/robot_publisher_pkg
[2.435s] writing list of installed files to '/home/adnan/Ros2_WS_Final/build/robot_publisher_pkg/install.log'
[2.502s] Invoked command in '/home/adnan/Ros2_WS_Final/src/robot_publisher_pkg' returned '0': PYTHONPATH=/home/adnan/Ros2_WS_Final/build/robot_publisher_pkg/prefix_override:/usr/lib/python3/dist-packages/colcon_core/task/python/colcon_distutils_commands:/home/adnan/Ros2_WS_Final/install/robot_publisher_pkg/lib/python3.10/site-packages:${PYTHONPATH} /usr/bin/python3 -W ignore:setup.py install is deprecated setup.py egg_info --egg-base ../../build/robot_publisher_pkg build --build-base /home/adnan/Ros2_WS_Final/build/robot_publisher_pkg/build install --record /home/adnan/Ros2_WS_Final/build/robot_publisher_pkg/install.log --single-version-externally-managed install_data
