[1.878s] Invoking command in '/home/adnan/Ros2_WS_Final/src/robot_publisher_pkg': PYTHONPATH=/home/adnan/Ros2_WS_Final/build/robot_publisher_pkg/prefix_override:/usr/lib/python3/dist-packages/colcon_core/task/python/colcon_distutils_commands:/home/adnan/Ros2_WS_Final/install/robot_publisher_pkg/lib/python3.10/site-packages:${PYTHONPATH} /usr/bin/python3 -W ignore:setup.py install is deprecated setup.py egg_info --egg-base ../../build/robot_publisher_pkg build --build-base /home/adnan/Ros2_WS_Final/build/robot_publisher_pkg/build install --record /home/adnan/Ros2_WS_Final/build/robot_publisher_pkg/install.log --single-version-externally-managed install_data
[2.329s] running egg_info
[2.330s] creating ../../build/robot_publisher_pkg/robot_publisher_pkg.egg-info
[2.330s] writing ../../build/robot_publisher_pkg/robot_publisher_pkg.egg-info/PKG-INFO
[2.330s] writing dependency_links to ../../build/robot_publisher_pkg/robot_publisher_pkg.egg-info/dependency_links.txt
[2.331s] writing entry points to ../../build/robot_publisher_pkg/robot_publisher_pkg.egg-info/entry_points.txt
[2.331s] writing requirements to ../../build/robot_publisher_pkg/robot_publisher_pkg.egg-info/requires.txt
[2.331s] writing top-level names to ../../build/robot_publisher_pkg/robot_publisher_pkg.egg-info/top_level.txt
[2.331s] writing manifest file '../../build/robot_publisher_pkg/robot_publisher_pkg.egg-info/SOURCES.txt'
[2.334s] reading manifest file '../../build/robot_publisher_pkg/robot_publisher_pkg.egg-info/SOURCES.txt'
[2.336s] writing manifest file '../../build/robot_publisher_pkg/robot_publisher_pkg.egg-info/SOURCES.txt'
[2.336s] running build
[2.337s] running build_py
[2.337s] creating /home/adnan/Ros2_WS_Final/build/robot_publisher_pkg/build
[2.337s] creating /home/adnan/Ros2_WS_Final/build/robot_publisher_pkg/build/lib
[2.337s] creating /home/adnan/Ros2_WS_Final/build/robot_publisher_pkg/build/lib/robot_publisher_pkg
[2.337s] copying robot_publisher_pkg/__init__.py -> /home/adnan/Ros2_WS_Final/build/robot_publisher_pkg/build/lib/robot_publisher_pkg
[2.337s] copying robot_publisher_pkg/robot_publisher.py -> /home/adnan/Ros2_WS_Final/build/robot_publisher_pkg/build/lib/robot_publisher_pkg
[2.338s] running install
[2.338s] running install_lib
[2.339s] creating /home/adnan/Ros2_WS_Final/install/robot_publisher_pkg/lib/python3.10/site-packages/robot_publisher_pkg
[2.340s] copying /home/adnan/Ros2_WS_Final/build/robot_publisher_pkg/build/lib/robot_publisher_pkg/__init__.py -> /home/adnan/Ros2_WS_Final/install/robot_publisher_pkg/lib/python3.10/site-packages/robot_publisher_pkg
[2.340s] copying /home/adnan/Ros2_WS_Final/build/robot_publisher_pkg/build/lib/robot_publisher_pkg/robot_publisher.py -> /home/adnan/Ros2_WS_Final/install/robot_publisher_pkg/lib/python3.10/site-packages/robot_publisher_pkg
[2.341s] byte-compiling /home/adnan/Ros2_WS_Final/install/robot_publisher_pkg/lib/python3.10/site-packages/robot_publisher_pkg/__init__.py to __init__.cpython-310.pyc
[2.342s] byte-compiling /home/adnan/Ros2_WS_Final/install/robot_publisher_pkg/lib/python3.10/site-packages/robot_publisher_pkg/robot_publisher.py to robot_publisher.cpython-310.pyc
[2.343s] running install_data
[2.343s] copying package.xml -> /home/adnan/Ros2_WS_Final/install/robot_publisher_pkg/share/robot_publisher_pkg
[2.343s] creating /home/adnan/Ros2_WS_Final/install/robot_publisher_pkg/share/robot_publisher_pkg/launch
[2.344s] copying launch/launch_main_nodes.py -> /home/adnan/Ros2_WS_Final/install/robot_publisher_pkg/share/robot_publisher_pkg/launch
[2.344s] copying launch/launch_all_nodes.py -> /home/adnan/Ros2_WS_Final/install/robot_publisher_pkg/share/robot_publisher_pkg/launch
[2.344s] creating /home/adnan/Ros2_WS_Final/install/robot_publisher_pkg/share/robot_publisher_pkg/urdf
[2.344s] copying urdf/robot_model.urdf -> /home/adnan/Ros2_WS_Final/install/robot_publisher_pkg/share/robot_publisher_pkg/urdf
[2.344s] running install_egg_info
[2.346s] Copying ../../build/robot_publisher_pkg/robot_publisher_pkg.egg-info to /home/adnan/Ros2_WS_Final/install/robot_publisher_pkg/lib/python3.10/site-packages/robot_publisher_pkg-0.0.0-py3.10.egg-info
[2.348s] running install_scripts
[2.385s] Installing robot_publisher script to /home/adnan/Ros2_WS_Final/install/robot_publisher_pkg/lib/robot_publisher_pkg
[2.385s] writing list of installed files to '/home/adnan/Ros2_WS_Final/build/robot_publisher_pkg/install.log'
[2.439s] Invoked command in '/home/adnan/Ros2_WS_Final/src/robot_publisher_pkg' returned '0': PYTHONPATH=/home/adnan/Ros2_WS_Final/build/robot_publisher_pkg/prefix_override:/usr/lib/python3/dist-packages/colcon_core/task/python/colcon_distutils_commands:/home/adnan/Ros2_WS_Final/install/robot_publisher_pkg/lib/python3.10/site-packages:${PYTHONPATH} /usr/bin/python3 -W ignore:setup.py install is deprecated setup.py egg_info --egg-base ../../build/robot_publisher_pkg build --build-base /home/adnan/Ros2_WS_Final/build/robot_publisher_pkg/build install --record /home/adnan/Ros2_WS_Final/build/robot_publisher_pkg/install.log --single-version-externally-managed install_data
