[1.767s] Invoking command in '/home/adnan/Ros2_WS_Final/src/odometry_pkg': PYTHONPATH=/home/adnan/Ros2_WS_Final/build/odometry_pkg/prefix_override:/usr/lib/python3/dist-packages/colcon_core/task/python/colcon_distutils_commands:/home/adnan/Ros2_WS_Final/install/odometry_pkg/lib/python3.10/site-packages:${PYTHONPATH} /usr/bin/python3 -W ignore:setup.py install is deprecated setup.py egg_info --egg-base ../../build/odometry_pkg build --build-base /home/adnan/Ros2_WS_Final/build/odometry_pkg/build install --record /home/adnan/Ros2_WS_Final/build/odometry_pkg/install.log --single-version-externally-managed install_data
[2.132s] running egg_info
[2.135s] writing ../../build/odometry_pkg/odometry_pkg.egg-info/PKG-INFO
[2.135s] writing dependency_links to ../../build/odometry_pkg/odometry_pkg.egg-info/dependency_links.txt
[2.135s] writing entry points to ../../build/odometry_pkg/odometry_pkg.egg-info/entry_points.txt
[2.135s] writing requirements to ../../build/odometry_pkg/odometry_pkg.egg-info/requires.txt
[2.135s] writing top-level names to ../../build/odometry_pkg/odometry_pkg.egg-info/top_level.txt
[2.138s] reading manifest file '../../build/odometry_pkg/odometry_pkg.egg-info/SOURCES.txt'
[2.139s] writing manifest file '../../build/odometry_pkg/odometry_pkg.egg-info/SOURCES.txt'
[2.139s] running build
[2.139s] running build_py
[2.139s] running install
[2.140s] running install_lib
[2.142s] running install_data
[2.142s] running install_egg_info
[2.145s] removing '/home/adnan/Ros2_WS_Final/install/odometry_pkg/lib/python3.10/site-packages/odometry_pkg-0.0.0-py3.10.egg-info' (and everything under it)
[2.145s] Copying ../../build/odometry_pkg/odometry_pkg.egg-info to /home/adnan/Ros2_WS_Final/install/odometry_pkg/lib/python3.10/site-packages/odometry_pkg-0.0.0-py3.10.egg-info
[2.147s] running install_scripts
[2.176s] Installing odometry_node script to /home/adnan/Ros2_WS_Final/install/odometry_pkg/lib/odometry_pkg
[2.177s] writing list of installed files to '/home/adnan/Ros2_WS_Final/build/odometry_pkg/install.log'
[2.258s] Invoked command in '/home/adnan/Ros2_WS_Final/src/odometry_pkg' returned '0': PYTHONPATH=/home/adnan/Ros2_WS_Final/build/odometry_pkg/prefix_override:/usr/lib/python3/dist-packages/colcon_core/task/python/colcon_distutils_commands:/home/adnan/Ros2_WS_Final/install/odometry_pkg/lib/python3.10/site-packages:${PYTHONPATH} /usr/bin/python3 -W ignore:setup.py install is deprecated setup.py egg_info --egg-base ../../build/odometry_pkg build --build-base /home/adnan/Ros2_WS_Final/build/odometry_pkg/build install --record /home/adnan/Ros2_WS_Final/build/odometry_pkg/install.log --single-version-externally-managed install_data
