[2.552s] Invoking command in '/home/adnan/Ros2_WS_Final/src/robot_publisher_pkg': PYTHONPATH=/home/adnan/Ros2_WS_Final/build/robot_publisher_pkg/prefix_override:/usr/lib/python3/dist-packages/colcon_core/task/python/colcon_distutils_commands:/home/adnan/Ros2_WS_Final/install/robot_publisher_pkg/lib/python3.10/site-packages:${PYTHONPATH} /usr/bin/python3 -W ignore:setup.py install is deprecated setup.py egg_info --egg-base ../../build/robot_publisher_pkg build --build-base /home/adnan/Ros2_WS_Final/build/robot_publisher_pkg/build install --record /home/adnan/Ros2_WS_Final/build/robot_publisher_pkg/install.log --single-version-externally-managed install_data
[3.325s] running egg_info
[3.327s] writing ../../build/robot_publisher_pkg/robot_publisher_pkg.egg-info/PKG-INFO
[3.328s] writing dependency_links to ../../build/robot_publisher_pkg/robot_publisher_pkg.egg-info/dependency_links.txt
[3.329s] writing entry points to ../../build/robot_publisher_pkg/robot_publisher_pkg.egg-info/entry_points.txt
[3.329s] writing requirements to ../../build/robot_publisher_pkg/robot_publisher_pkg.egg-info/requires.txt
[3.329s] writing top-level names to ../../build/robot_publisher_pkg/robot_publisher_pkg.egg-info/top_level.txt
[3.333s] reading manifest file '../../build/robot_publisher_pkg/robot_publisher_pkg.egg-info/SOURCES.txt'
[3.337s] writing manifest file '../../build/robot_publisher_pkg/robot_publisher_pkg.egg-info/SOURCES.txt'
[3.337s] running build
[3.338s] running build_py
[3.338s] running install
[3.339s] running install_lib
[3.343s] running install_data
[3.344s] running install_egg_info
[3.349s] removing '/home/adnan/Ros2_WS_Final/install/robot_publisher_pkg/lib/python3.10/site-packages/robot_publisher_pkg-0.0.0-py3.10.egg-info' (and everything under it)
[3.351s] Copying ../../build/robot_publisher_pkg/robot_publisher_pkg.egg-info to /home/adnan/Ros2_WS_Final/install/robot_publisher_pkg/lib/python3.10/site-packages/robot_publisher_pkg-0.0.0-py3.10.egg-info
[3.353s] running install_scripts
[3.403s] Installing robot_publisher script to /home/adnan/Ros2_WS_Final/install/robot_publisher_pkg/lib/robot_publisher_pkg
[3.404s] writing list of installed files to '/home/adnan/Ros2_WS_Final/build/robot_publisher_pkg/install.log'
[3.475s] Invoked command in '/home/adnan/Ros2_WS_Final/src/robot_publisher_pkg' returned '0': PYTHONPATH=/home/adnan/Ros2_WS_Final/build/robot_publisher_pkg/prefix_override:/usr/lib/python3/dist-packages/colcon_core/task/python/colcon_distutils_commands:/home/adnan/Ros2_WS_Final/install/robot_publisher_pkg/lib/python3.10/site-packages:${PYTHONPATH} /usr/bin/python3 -W ignore:setup.py install is deprecated setup.py egg_info --egg-base ../../build/robot_publisher_pkg build --build-base /home/adnan/Ros2_WS_Final/build/robot_publisher_pkg/build install --record /home/adnan/Ros2_WS_Final/build/robot_publisher_pkg/install.log --single-version-externally-managed install_data
