[2.402s] Invoking command in '/home/adnan/Ros2_WS_Final/src/teleop_twist_keyboard_pkg': PYTHONPATH=/home/adnan/Ros2_WS_Final/build/teleop_twist_keyboard_pkg/prefix_override:/usr/lib/python3/dist-packages/colcon_core/task/python/colcon_distutils_commands:/home/adnan/Ros2_WS_Final/install/teleop_twist_keyboard_pkg/lib/python3.10/site-packages:${PYTHONPATH} /usr/bin/python3 -W ignore:setup.py install is deprecated setup.py egg_info --egg-base ../../build/teleop_twist_keyboard_pkg build --build-base /home/adnan/Ros2_WS_Final/build/teleop_twist_keyboard_pkg/build install --record /home/adnan/Ros2_WS_Final/build/teleop_twist_keyboard_pkg/install.log --single-version-externally-managed install_data
[3.244s] running egg_info
[3.246s] writing ../../build/teleop_twist_keyboard_pkg/teleop_twist_keyboard_pkg.egg-info/PKG-INFO
[3.246s] writing dependency_links to ../../build/teleop_twist_keyboard_pkg/teleop_twist_keyboard_pkg.egg-info/dependency_links.txt
[3.247s] writing entry points to ../../build/teleop_twist_keyboard_pkg/teleop_twist_keyboard_pkg.egg-info/entry_points.txt
[3.247s] writing requirements to ../../build/teleop_twist_keyboard_pkg/teleop_twist_keyboard_pkg.egg-info/requires.txt
[3.247s] writing top-level names to ../../build/teleop_twist_keyboard_pkg/teleop_twist_keyboard_pkg.egg-info/top_level.txt
[3.252s] reading manifest file '../../build/teleop_twist_keyboard_pkg/teleop_twist_keyboard_pkg.egg-info/SOURCES.txt'
[3.255s] writing manifest file '../../build/teleop_twist_keyboard_pkg/teleop_twist_keyboard_pkg.egg-info/SOURCES.txt'
[3.255s] running build
[3.256s] running build_py
[3.256s] running install
[3.256s] running install_lib
[3.260s] running install_data
[3.260s] running install_egg_info
[3.266s] removing '/home/adnan/Ros2_WS_Final/install/teleop_twist_keyboard_pkg/lib/python3.10/site-packages/teleop_twist_keyboard_pkg-0.0.0-py3.10.egg-info' (and everything under it)
[3.266s] Copying ../../build/teleop_twist_keyboard_pkg/teleop_twist_keyboard_pkg.egg-info to /home/adnan/Ros2_WS_Final/install/teleop_twist_keyboard_pkg/lib/python3.10/site-packages/teleop_twist_keyboard_pkg-0.0.0-py3.10.egg-info
[3.268s] running install_scripts
[3.316s] Installing teleop_twist_keyboard script to /home/adnan/Ros2_WS_Final/install/teleop_twist_keyboard_pkg/lib/teleop_twist_keyboard_pkg
[3.316s] writing list of installed files to '/home/adnan/Ros2_WS_Final/build/teleop_twist_keyboard_pkg/install.log'
[3.403s] Invoked command in '/home/adnan/Ros2_WS_Final/src/teleop_twist_keyboard_pkg' returned '0': PYTHONPATH=/home/adnan/Ros2_WS_Final/build/teleop_twist_keyboard_pkg/prefix_override:/usr/lib/python3/dist-packages/colcon_core/task/python/colcon_distutils_commands:/home/adnan/Ros2_WS_Final/install/teleop_twist_keyboard_pkg/lib/python3.10/site-packages:${PYTHONPATH} /usr/bin/python3 -W ignore:setup.py install is deprecated setup.py egg_info --egg-base ../../build/teleop_twist_keyboard_pkg build --build-base /home/adnan/Ros2_WS_Final/build/teleop_twist_keyboard_pkg/build install --record /home/adnan/Ros2_WS_Final/build/teleop_twist_keyboard_pkg/install.log --single-version-externally-managed install_data
