[0.243s] DEBUG:colcon:Command line arguments: ['/usr/bin/colcon', 'build']
[0.244s] DEBUG:colcon:Parsed command line arguments: Namespace(log_base=None, log_level=None, verb_name='build', build_base='build', install_base='install', merge_install=False, symlink_install=False, test_result_base=None, continue_on_error=False, executor='parallel', parallel_workers=4, event_handlers=None, ignore_user_meta=False, metas=['./colcon.meta'], base_paths=['.'], packages_ignore=None, packages_ignore_regex=None, paths=None, packages_up_to=None, packages_up_to_regex=None, packages_above=None, packages_above_and_dependencies=None, packages_above_depth=None, packages_select_by_dep=None, packages_skip_by_dep=None, packages_skip_up_to=None, packages_select_build_failed=False, packages_skip_build_finished=False, packages_select_test_failures=False, packages_skip_test_passed=False, packages_select=None, packages_skip=None, packages_select_regex=None, packages_skip_regex=None, packages_start=None, packages_end=None, allow_overriding=[], cmake_args=None, cmake_target=None, cmake_target_skip_unavailable=False, cmake_clean_cache=False, cmake_clean_first=False, cmake_force_configure=False, ament_cmake_args=None, catkin_cmake_args=None, catkin_skip_building_tests=False, verb_parser=<colcon_defaults.argument_parser.defaults.DefaultArgumentsDecorator object at 0x7e34347b54e0>, verb_extension=<colcon_core.verb.build.BuildVerb object at 0x7e34347b4430>, main=<bound method BuildVerb.main of <colcon_core.verb.build.BuildVerb object at 0x7e34347b4430>>)
[0.570s] Level 1:colcon.colcon_core.package_discovery:discover_packages(colcon_meta) check parameters
[0.571s] Level 1:colcon.colcon_core.package_discovery:discover_packages(recursive) check parameters
[0.571s] Level 1:colcon.colcon_core.package_discovery:discover_packages(ignore) check parameters
[0.571s] Level 1:colcon.colcon_core.package_discovery:discover_packages(path) check parameters
[0.571s] Level 1:colcon.colcon_core.package_discovery:discover_packages(colcon_meta) discover
[0.571s] Level 1:colcon.colcon_core.package_discovery:discover_packages(recursive) discover
[0.571s] INFO:colcon.colcon_core.package_discovery:Crawling recursively for packages in '/home/adnan/Ros2_WS_Final'
[0.571s] Level 1:colcon.colcon_core.package_identification:_identify(.) by extensions ['ignore', 'ignore_ament_install']
[0.571s] Level 1:colcon.colcon_core.package_identification:_identify(.) by extension 'ignore'
[0.571s] Level 1:colcon.colcon_core.package_identification:_identify(.) by extension 'ignore_ament_install'
[0.571s] Level 1:colcon.colcon_core.package_identification:_identify(.) by extensions ['colcon_pkg']
[0.571s] Level 1:colcon.colcon_core.package_identification:_identify(.) by extension 'colcon_pkg'
[0.572s] Level 1:colcon.colcon_core.package_identification:_identify(.) by extensions ['colcon_meta']
[0.572s] Level 1:colcon.colcon_core.package_identification:_identify(.) by extension 'colcon_meta'
[0.572s] Level 1:colcon.colcon_core.package_identification:_identify(.) by extensions ['ros']
[0.572s] Level 1:colcon.colcon_core.package_identification:_identify(.) by extension 'ros'
[0.592s] Level 1:colcon.colcon_core.package_identification:_identify(.) by extensions ['cmake', 'python']
[0.592s] Level 1:colcon.colcon_core.package_identification:_identify(.) by extension 'cmake'
[0.592s] Level 1:colcon.colcon_core.package_identification:_identify(.) by extension 'python'
[0.592s] Level 1:colcon.colcon_core.package_identification:_identify(.) by extensions ['python_setup_py']
[0.592s] Level 1:colcon.colcon_core.package_identification:_identify(.) by extension 'python_setup_py'
[0.592s] Level 1:colcon.colcon_core.package_identification:_identify(build) by extensions ['ignore', 'ignore_ament_install']
[0.593s] Level 1:colcon.colcon_core.package_identification:_identify(build) by extension 'ignore'
[0.593s] Level 1:colcon.colcon_core.package_identification:_identify(build) ignored
[0.593s] Level 1:colcon.colcon_core.package_identification:_identify(install) by extensions ['ignore', 'ignore_ament_install']
[0.593s] Level 1:colcon.colcon_core.package_identification:_identify(install) by extension 'ignore'
[0.593s] Level 1:colcon.colcon_core.package_identification:_identify(install) ignored
[0.593s] Level 1:colcon.colcon_core.package_identification:_identify(log) by extensions ['ignore', 'ignore_ament_install']
[0.593s] Level 1:colcon.colcon_core.package_identification:_identify(log) by extension 'ignore'
[0.594s] Level 1:colcon.colcon_core.package_identification:_identify(log) ignored
[0.594s] Level 1:colcon.colcon_core.package_identification:_identify(src) by extensions ['ignore', 'ignore_ament_install']
[0.594s] Level 1:colcon.colcon_core.package_identification:_identify(src) by extension 'ignore'
[0.594s] Level 1:colcon.colcon_core.package_identification:_identify(src) by extension 'ignore_ament_install'
[0.594s] Level 1:colcon.colcon_core.package_identification:_identify(src) by extensions ['colcon_pkg']
[0.594s] Level 1:colcon.colcon_core.package_identification:_identify(src) by extension 'colcon_pkg'
[0.594s] Level 1:colcon.colcon_core.package_identification:_identify(src) by extensions ['colcon_meta']
[0.594s] Level 1:colcon.colcon_core.package_identification:_identify(src) by extension 'colcon_meta'
[0.594s] Level 1:colcon.colcon_core.package_identification:_identify(src) by extensions ['ros']
[0.594s] Level 1:colcon.colcon_core.package_identification:_identify(src) by extension 'ros'
[0.594s] Level 1:colcon.colcon_core.package_identification:_identify(src) by extensions ['cmake', 'python']
[0.594s] Level 1:colcon.colcon_core.package_identification:_identify(src) by extension 'cmake'
[0.594s] Level 1:colcon.colcon_core.package_identification:_identify(src) by extension 'python'
[0.594s] Level 1:colcon.colcon_core.package_identification:_identify(src) by extensions ['python_setup_py']
[0.594s] Level 1:colcon.colcon_core.package_identification:_identify(src) by extension 'python_setup_py'
[0.595s] Level 1:colcon.colcon_core.package_identification:_identify(src/odometry_pkg) by extensions ['ignore', 'ignore_ament_install']
[0.595s] Level 1:colcon.colcon_core.package_identification:_identify(src/odometry_pkg) by extension 'ignore'
[0.595s] Level 1:colcon.colcon_core.package_identification:_identify(src/odometry_pkg) by extension 'ignore_ament_install'
[0.595s] Level 1:colcon.colcon_core.package_identification:_identify(src/odometry_pkg) by extensions ['colcon_pkg']
[0.595s] Level 1:colcon.colcon_core.package_identification:_identify(src/odometry_pkg) by extension 'colcon_pkg'
[0.595s] Level 1:colcon.colcon_core.package_identification:_identify(src/odometry_pkg) by extensions ['colcon_meta']
[0.595s] Level 1:colcon.colcon_core.package_identification:_identify(src/odometry_pkg) by extension 'colcon_meta'
[0.595s] Level 1:colcon.colcon_core.package_identification:_identify(src/odometry_pkg) by extensions ['ros']
[0.595s] Level 1:colcon.colcon_core.package_identification:_identify(src/odometry_pkg) by extension 'ros'
[0.599s] DEBUG:colcon.colcon_core.package_identification:Package 'src/odometry_pkg' with type 'ros.ament_python' and name 'odometry_pkg'
[0.600s] Level 1:colcon.colcon_core.package_identification:_identify(src/robot_publisher_pkg) by extensions ['ignore', 'ignore_ament_install']
[0.600s] Level 1:colcon.colcon_core.package_identification:_identify(src/robot_publisher_pkg) by extension 'ignore'
[0.600s] Level 1:colcon.colcon_core.package_identification:_identify(src/robot_publisher_pkg) by extension 'ignore_ament_install'
[0.600s] Level 1:colcon.colcon_core.package_identification:_identify(src/robot_publisher_pkg) by extensions ['colcon_pkg']
[0.600s] Level 1:colcon.colcon_core.package_identification:_identify(src/robot_publisher_pkg) by extension 'colcon_pkg'
[0.600s] Level 1:colcon.colcon_core.package_identification:_identify(src/robot_publisher_pkg) by extensions ['colcon_meta']
[0.600s] Level 1:colcon.colcon_core.package_identification:_identify(src/robot_publisher_pkg) by extension 'colcon_meta'
[0.600s] Level 1:colcon.colcon_core.package_identification:_identify(src/robot_publisher_pkg) by extensions ['ros']
[0.600s] Level 1:colcon.colcon_core.package_identification:_identify(src/robot_publisher_pkg) by extension 'ros'
[0.601s] DEBUG:colcon.colcon_core.package_identification:Package 'src/robot_publisher_pkg' with type 'ros.ament_python' and name 'robot_publisher_pkg'
[0.601s] Level 1:colcon.colcon_core.package_identification:_identify(src/teleop_twist_keyboard_pkg) by extensions ['ignore', 'ignore_ament_install']
[0.601s] Level 1:colcon.colcon_core.package_identification:_identify(src/teleop_twist_keyboard_pkg) by extension 'ignore'
[0.602s] Level 1:colcon.colcon_core.package_identification:_identify(src/teleop_twist_keyboard_pkg) by extension 'ignore_ament_install'
[0.602s] Level 1:colcon.colcon_core.package_identification:_identify(src/teleop_twist_keyboard_pkg) by extensions ['colcon_pkg']
[0.602s] Level 1:colcon.colcon_core.package_identification:_identify(src/teleop_twist_keyboard_pkg) by extension 'colcon_pkg'
[0.602s] Level 1:colcon.colcon_core.package_identification:_identify(src/teleop_twist_keyboard_pkg) by extensions ['colcon_meta']
[0.602s] Level 1:colcon.colcon_core.package_identification:_identify(src/teleop_twist_keyboard_pkg) by extension 'colcon_meta'
[0.602s] Level 1:colcon.colcon_core.package_identification:_identify(src/teleop_twist_keyboard_pkg) by extensions ['ros']
[0.602s] Level 1:colcon.colcon_core.package_identification:_identify(src/teleop_twist_keyboard_pkg) by extension 'ros'
[0.603s] DEBUG:colcon.colcon_core.package_identification:Package 'src/teleop_twist_keyboard_pkg' with type 'ros.ament_python' and name 'teleop_twist_keyboard_pkg'
[0.603s] Level 1:colcon.colcon_core.package_discovery:discover_packages(recursive) using defaults
[0.603s] Level 1:colcon.colcon_core.package_discovery:discover_packages(ignore) discover
[0.603s] Level 1:colcon.colcon_core.package_discovery:discover_packages(ignore) using defaults
[0.603s] Level 1:colcon.colcon_core.package_discovery:discover_packages(path) discover
[0.603s] Level 1:colcon.colcon_core.package_discovery:discover_packages(path) using defaults
[0.644s] Level 1:colcon.colcon_core.package_discovery:discover_packages(prefix_path) check parameters
[0.644s] Level 1:colcon.colcon_core.package_discovery:discover_packages(prefix_path) discover
[0.649s] DEBUG:colcon.colcon_installed_package_information.package_discovery:Found 3 installed packages in /home/adnan/Ros2_WS_Final/install
[0.652s] DEBUG:colcon.colcon_installed_package_information.package_discovery:Found 331 installed packages in /opt/ros/humble
[0.655s] Level 1:colcon.colcon_core.package_discovery:discover_packages(prefix_path) using defaults
[0.755s] Level 5:colcon.colcon_core.verb:set package 'odometry_pkg' build argument 'cmake_args' from command line to 'None'
[0.755s] Level 5:colcon.colcon_core.verb:set package 'odometry_pkg' build argument 'cmake_target' from command line to 'None'
[0.755s] Level 5:colcon.colcon_core.verb:set package 'odometry_pkg' build argument 'cmake_target_skip_unavailable' from command line to 'False'
[0.755s] Level 5:colcon.colcon_core.verb:set package 'odometry_pkg' build argument 'cmake_clean_cache' from command line to 'False'
[0.755s] Level 5:colcon.colcon_core.verb:set package 'odometry_pkg' build argument 'cmake_clean_first' from command line to 'False'
[0.755s] Level 5:colcon.colcon_core.verb:set package 'odometry_pkg' build argument 'cmake_force_configure' from command line to 'False'
[0.755s] Level 5:colcon.colcon_core.verb:set package 'odometry_pkg' build argument 'ament_cmake_args' from command line to 'None'
[0.755s] Level 5:colcon.colcon_core.verb:set package 'odometry_pkg' build argument 'catkin_cmake_args' from command line to 'None'
[0.755s] Level 5:colcon.colcon_core.verb:set package 'odometry_pkg' build argument 'catkin_skip_building_tests' from command line to 'False'
[0.756s] DEBUG:colcon.colcon_core.verb:Building package 'odometry_pkg' with the following arguments: {'ament_cmake_args': None, 'build_base': '/home/adnan/Ros2_WS_Final/build/odometry_pkg', 'catkin_cmake_args': None, 'catkin_skip_building_tests': False, 'cmake_args': None, 'cmake_clean_cache': False, 'cmake_clean_first': False, 'cmake_force_configure': False, 'cmake_target': None, 'cmake_target_skip_unavailable': False, 'install_base': '/home/adnan/Ros2_WS_Final/install/odometry_pkg', 'merge_install': False, 'path': '/home/adnan/Ros2_WS_Final/src/odometry_pkg', 'symlink_install': False, 'test_result_base': None}
[0.756s] Level 5:colcon.colcon_core.verb:set package 'robot_publisher_pkg' build argument 'cmake_args' from command line to 'None'
[0.757s] Level 5:colcon.colcon_core.verb:set package 'robot_publisher_pkg' build argument 'cmake_target' from command line to 'None'
[0.757s] Level 5:colcon.colcon_core.verb:set package 'robot_publisher_pkg' build argument 'cmake_target_skip_unavailable' from command line to 'False'
[0.757s] Level 5:colcon.colcon_core.verb:set package 'robot_publisher_pkg' build argument 'cmake_clean_cache' from command line to 'False'
[0.757s] Level 5:colcon.colcon_core.verb:set package 'robot_publisher_pkg' build argument 'cmake_clean_first' from command line to 'False'
[0.757s] Level 5:colcon.colcon_core.verb:set package 'robot_publisher_pkg' build argument 'cmake_force_configure' from command line to 'False'
[0.757s] Level 5:colcon.colcon_core.verb:set package 'robot_publisher_pkg' build argument 'ament_cmake_args' from command line to 'None'
[0.757s] Level 5:colcon.colcon_core.verb:set package 'robot_publisher_pkg' build argument 'catkin_cmake_args' from command line to 'None'
[0.757s] Level 5:colcon.colcon_core.verb:set package 'robot_publisher_pkg' build argument 'catkin_skip_building_tests' from command line to 'False'
[0.757s] DEBUG:colcon.colcon_core.verb:Building package 'robot_publisher_pkg' with the following arguments: {'ament_cmake_args': None, 'build_base': '/home/adnan/Ros2_WS_Final/build/robot_publisher_pkg', 'catkin_cmake_args': None, 'catkin_skip_building_tests': False, 'cmake_args': None, 'cmake_clean_cache': False, 'cmake_clean_first': False, 'cmake_force_configure': False, 'cmake_target': None, 'cmake_target_skip_unavailable': False, 'install_base': '/home/adnan/Ros2_WS_Final/install/robot_publisher_pkg', 'merge_install': False, 'path': '/home/adnan/Ros2_WS_Final/src/robot_publisher_pkg', 'symlink_install': False, 'test_result_base': None}
[0.758s] Level 5:colcon.colcon_core.verb:set package 'teleop_twist_keyboard_pkg' build argument 'cmake_args' from command line to 'None'
[0.758s] Level 5:colcon.colcon_core.verb:set package 'teleop_twist_keyboard_pkg' build argument 'cmake_target' from command line to 'None'
[0.758s] Level 5:colcon.colcon_core.verb:set package 'teleop_twist_keyboard_pkg' build argument 'cmake_target_skip_unavailable' from command line to 'False'
[0.758s] Level 5:colcon.colcon_core.verb:set package 'teleop_twist_keyboard_pkg' build argument 'cmake_clean_cache' from command line to 'False'
[0.758s] Level 5:colcon.colcon_core.verb:set package 'teleop_twist_keyboard_pkg' build argument 'cmake_clean_first' from command line to 'False'
[0.758s] Level 5:colcon.colcon_core.verb:set package 'teleop_twist_keyboard_pkg' build argument 'cmake_force_configure' from command line to 'False'
[0.758s] Level 5:colcon.colcon_core.verb:set package 'teleop_twist_keyboard_pkg' build argument 'ament_cmake_args' from command line to 'None'
[0.758s] Level 5:colcon.colcon_core.verb:set package 'teleop_twist_keyboard_pkg' build argument 'catkin_cmake_args' from command line to 'None'
[0.758s] Level 5:colcon.colcon_core.verb:set package 'teleop_twist_keyboard_pkg' build argument 'catkin_skip_building_tests' from command line to 'False'
[0.758s] DEBUG:colcon.colcon_core.verb:Building package 'teleop_twist_keyboard_pkg' with the following arguments: {'ament_cmake_args': None, 'build_base': '/home/adnan/Ros2_WS_Final/build/teleop_twist_keyboard_pkg', 'catkin_cmake_args': None, 'catkin_skip_building_tests': False, 'cmake_args': None, 'cmake_clean_cache': False, 'cmake_clean_first': False, 'cmake_force_configure': False, 'cmake_target': None, 'cmake_target_skip_unavailable': False, 'install_base': '/home/adnan/Ros2_WS_Final/install/teleop_twist_keyboard_pkg', 'merge_install': False, 'path': '/home/adnan/Ros2_WS_Final/src/teleop_twist_keyboard_pkg', 'symlink_install': False, 'test_result_base': None}
[0.759s] INFO:colcon.colcon_core.executor:Executing jobs using 'parallel' executor
[0.761s] DEBUG:colcon.colcon_parallel_executor.executor.parallel:run_until_complete
[0.762s] INFO:colcon.colcon_ros.task.ament_python.build:Building ROS package in '/home/adnan/Ros2_WS_Final/src/odometry_pkg' with build type 'ament_python'
[0.763s] Level 1:colcon.colcon_core.shell:create_environment_hook('odometry_pkg', 'ament_prefix_path')
[0.766s] INFO:colcon.colcon_core.plugin_system:Skipping extension 'colcon_core.shell.bat': Not used on non-Windows systems
[0.767s] INFO:colcon.colcon_core.shell:Creating environment hook '/home/adnan/Ros2_WS_Final/install/odometry_pkg/share/odometry_pkg/hook/ament_prefix_path.ps1'
[0.768s] INFO:colcon.colcon_core.shell:Creating environment descriptor '/home/adnan/Ros2_WS_Final/install/odometry_pkg/share/odometry_pkg/hook/ament_prefix_path.dsv'
[0.770s] INFO:colcon.colcon_core.shell:Creating environment hook '/home/adnan/Ros2_WS_Final/install/odometry_pkg/share/odometry_pkg/hook/ament_prefix_path.sh'
[0.771s] INFO:colcon.colcon_core.shell:Skip shell extension 'powershell' for command environment: Not usable outside of PowerShell
[0.772s] DEBUG:colcon.colcon_core.shell:Skip shell extension 'dsv' for command environment
[0.778s] INFO:colcon.colcon_ros.task.ament_python.build:Building ROS package in '/home/adnan/Ros2_WS_Final/src/robot_publisher_pkg' with build type 'ament_python'
[0.779s] Level 1:colcon.colcon_core.shell:create_environment_hook('robot_publisher_pkg', 'ament_prefix_path')
[0.780s] INFO:colcon.colcon_core.shell:Creating environment hook '/home/adnan/Ros2_WS_Final/install/robot_publisher_pkg/share/robot_publisher_pkg/hook/ament_prefix_path.ps1'
[0.781s] INFO:colcon.colcon_core.shell:Creating environment descriptor '/home/adnan/Ros2_WS_Final/install/robot_publisher_pkg/share/robot_publisher_pkg/hook/ament_prefix_path.dsv'
[0.783s] INFO:colcon.colcon_core.shell:Creating environment hook '/home/adnan/Ros2_WS_Final/install/robot_publisher_pkg/share/robot_publisher_pkg/hook/ament_prefix_path.sh'
[0.784s] INFO:colcon.colcon_core.shell:Skip shell extension 'powershell' for command environment: Not usable outside of PowerShell
[0.785s] DEBUG:colcon.colcon_core.shell:Skip shell extension 'dsv' for command environment
[0.794s] INFO:colcon.colcon_ros.task.ament_python.build:Building ROS package in '/home/adnan/Ros2_WS_Final/src/teleop_twist_keyboard_pkg' with build type 'ament_python'
[0.794s] Level 1:colcon.colcon_core.shell:create_environment_hook('teleop_twist_keyboard_pkg', 'ament_prefix_path')
[0.795s] INFO:colcon.colcon_core.shell:Creating environment hook '/home/adnan/Ros2_WS_Final/install/teleop_twist_keyboard_pkg/share/teleop_twist_keyboard_pkg/hook/ament_prefix_path.ps1'
[0.796s] INFO:colcon.colcon_core.shell:Creating environment descriptor '/home/adnan/Ros2_WS_Final/install/teleop_twist_keyboard_pkg/share/teleop_twist_keyboard_pkg/hook/ament_prefix_path.dsv'
[0.797s] INFO:colcon.colcon_core.shell:Creating environment hook '/home/adnan/Ros2_WS_Final/install/teleop_twist_keyboard_pkg/share/teleop_twist_keyboard_pkg/hook/ament_prefix_path.sh'
[0.798s] INFO:colcon.colcon_core.shell:Skip shell extension 'powershell' for command environment: Not usable outside of PowerShell
[0.799s] DEBUG:colcon.colcon_core.shell:Skip shell extension 'dsv' for command environment
[1.344s] INFO:colcon.colcon_core.task.python.build:Building Python package in '/home/adnan/Ros2_WS_Final/src/odometry_pkg'
[1.344s] INFO:colcon.colcon_core.shell:Skip shell extension 'powershell' for command environment: Not usable outside of PowerShell
[1.345s] DEBUG:colcon.colcon_core.shell:Skip shell extension 'dsv' for command environment
[1.729s] WARNING:colcon.colcon_ros.task.ament_python.build:Package 'robot_publisher_pkg' doesn't explicitly install a marker in the package index (colcon-ros currently does it implicitly but that fallback will be removed in the future)
[1.730s] INFO:colcon.colcon_core.task.python.build:Building Python package in '/home/adnan/Ros2_WS_Final/src/robot_publisher_pkg'
[1.731s] INFO:colcon.colcon_core.shell:Skip shell extension 'powershell' for command environment: Not usable outside of PowerShell
[1.731s] DEBUG:colcon.colcon_core.shell:Skip shell extension 'dsv' for command environment
[2.150s] INFO:colcon.colcon_core.task.python.build:Building Python package in '/home/adnan/Ros2_WS_Final/src/teleop_twist_keyboard_pkg'
[2.151s] INFO:colcon.colcon_core.shell:Skip shell extension 'powershell' for command environment: Not usable outside of PowerShell
[2.151s] DEBUG:colcon.colcon_core.shell:Skip shell extension 'dsv' for command environment
[2.807s] DEBUG:colcon.colcon_core.event_handler.log_command:Invoking command in '/home/adnan/Ros2_WS_Final/src/odometry_pkg': PYTHONPATH=/home/adnan/Ros2_WS_Final/build/odometry_pkg/prefix_override:/usr/lib/python3/dist-packages/colcon_core/task/python/colcon_distutils_commands:/home/adnan/Ros2_WS_Final/install/odometry_pkg/lib/python3.10/site-packages:${PYTHONPATH} /usr/bin/python3 -W ignore:setup.py install is deprecated setup.py egg_info --egg-base ../../build/odometry_pkg build --build-base /home/adnan/Ros2_WS_Final/build/odometry_pkg/build install --record /home/adnan/Ros2_WS_Final/build/odometry_pkg/install.log --single-version-externally-managed install_data
[2.823s] DEBUG:colcon.colcon_core.event_handler.log_command:Invoking command in '/home/adnan/Ros2_WS_Final/src/teleop_twist_keyboard_pkg': PYTHONPATH=/home/adnan/Ros2_WS_Final/build/teleop_twist_keyboard_pkg/prefix_override:/usr/lib/python3/dist-packages/colcon_core/task/python/colcon_distutils_commands:/home/adnan/Ros2_WS_Final/install/teleop_twist_keyboard_pkg/lib/python3.10/site-packages:${PYTHONPATH} /usr/bin/python3 -W ignore:setup.py install is deprecated setup.py egg_info --egg-base ../../build/teleop_twist_keyboard_pkg build --build-base /home/adnan/Ros2_WS_Final/build/teleop_twist_keyboard_pkg/build install --record /home/adnan/Ros2_WS_Final/build/teleop_twist_keyboard_pkg/install.log --single-version-externally-managed install_data
[2.842s] DEBUG:colcon.colcon_core.event_handler.log_command:Invoking command in '/home/adnan/Ros2_WS_Final/src/robot_publisher_pkg': PYTHONPATH=/home/adnan/Ros2_WS_Final/build/robot_publisher_pkg/prefix_override:/usr/lib/python3/dist-packages/colcon_core/task/python/colcon_distutils_commands:/home/adnan/Ros2_WS_Final/install/robot_publisher_pkg/lib/python3.10/site-packages:${PYTHONPATH} /usr/bin/python3 -W ignore:setup.py install is deprecated setup.py egg_info --egg-base ../../build/robot_publisher_pkg build --build-base /home/adnan/Ros2_WS_Final/build/robot_publisher_pkg/build install --record /home/adnan/Ros2_WS_Final/build/robot_publisher_pkg/install.log --single-version-externally-managed install_data
[3.333s] DEBUG:colcon.colcon_core.event_handler.log_command:Invoked command in '/home/adnan/Ros2_WS_Final/src/teleop_twist_keyboard_pkg' returned '0': PYTHONPATH=/home/adnan/Ros2_WS_Final/build/teleop_twist_keyboard_pkg/prefix_override:/usr/lib/python3/dist-packages/colcon_core/task/python/colcon_distutils_commands:/home/adnan/Ros2_WS_Final/install/teleop_twist_keyboard_pkg/lib/python3.10/site-packages:${PYTHONPATH} /usr/bin/python3 -W ignore:setup.py install is deprecated setup.py egg_info --egg-base ../../build/teleop_twist_keyboard_pkg build --build-base /home/adnan/Ros2_WS_Final/build/teleop_twist_keyboard_pkg/build install --record /home/adnan/Ros2_WS_Final/build/teleop_twist_keyboard_pkg/install.log --single-version-externally-managed install_data
[3.345s] Level 1:colcon.colcon_core.environment:checking '/home/adnan/Ros2_WS_Final/install/teleop_twist_keyboard_pkg' for CMake module files
[3.346s] Level 1:colcon.colcon_core.environment:checking '/home/adnan/Ros2_WS_Final/install/teleop_twist_keyboard_pkg' for CMake config files
[3.347s] Level 1:colcon.colcon_core.environment:checking '/home/adnan/Ros2_WS_Final/install/teleop_twist_keyboard_pkg/lib'
[3.347s] Level 1:colcon.colcon_core.environment:checking '/home/adnan/Ros2_WS_Final/install/teleop_twist_keyboard_pkg/bin'
[3.347s] Level 1:colcon.colcon_core.environment:checking '/home/adnan/Ros2_WS_Final/install/teleop_twist_keyboard_pkg/lib/pkgconfig/teleop_twist_keyboard_pkg.pc'
[3.348s] Level 1:colcon.colcon_core.environment:checking '/home/adnan/Ros2_WS_Final/install/teleop_twist_keyboard_pkg/lib/python3.10/site-packages'
[3.348s] Level 1:colcon.colcon_core.shell:create_environment_hook('teleop_twist_keyboard_pkg', 'pythonpath')
[3.348s] INFO:colcon.colcon_core.shell:Creating environment hook '/home/adnan/Ros2_WS_Final/install/teleop_twist_keyboard_pkg/share/teleop_twist_keyboard_pkg/hook/pythonpath.ps1'
[3.349s] INFO:colcon.colcon_core.shell:Creating environment descriptor '/home/adnan/Ros2_WS_Final/install/teleop_twist_keyboard_pkg/share/teleop_twist_keyboard_pkg/hook/pythonpath.dsv'
[3.354s] INFO:colcon.colcon_core.shell:Creating environment hook '/home/adnan/Ros2_WS_Final/install/teleop_twist_keyboard_pkg/share/teleop_twist_keyboard_pkg/hook/pythonpath.sh'
[3.356s] Level 1:colcon.colcon_core.environment:checking '/home/adnan/Ros2_WS_Final/install/teleop_twist_keyboard_pkg/bin'
[3.356s] Level 1:colcon.colcon_core.environment:create_environment_scripts_only(teleop_twist_keyboard_pkg)
[3.357s] INFO:colcon.colcon_core.shell:Creating package script '/home/adnan/Ros2_WS_Final/install/teleop_twist_keyboard_pkg/share/teleop_twist_keyboard_pkg/package.ps1'
[3.358s] INFO:colcon.colcon_core.shell:Creating package descriptor '/home/adnan/Ros2_WS_Final/install/teleop_twist_keyboard_pkg/share/teleop_twist_keyboard_pkg/package.dsv'
[3.359s] INFO:colcon.colcon_core.shell:Creating package script '/home/adnan/Ros2_WS_Final/install/teleop_twist_keyboard_pkg/share/teleop_twist_keyboard_pkg/package.sh'
[3.360s] INFO:colcon.colcon_core.shell:Creating package script '/home/adnan/Ros2_WS_Final/install/teleop_twist_keyboard_pkg/share/teleop_twist_keyboard_pkg/package.bash'
[3.361s] INFO:colcon.colcon_core.shell:Creating package script '/home/adnan/Ros2_WS_Final/install/teleop_twist_keyboard_pkg/share/teleop_twist_keyboard_pkg/package.zsh'
[3.362s] Level 1:colcon.colcon_core.environment:create_file_with_runtime_dependencies(/home/adnan/Ros2_WS_Final/install/teleop_twist_keyboard_pkg/share/colcon-core/packages/teleop_twist_keyboard_pkg)
[3.438s] Level 1:colcon.colcon_core.environment:checking '/home/adnan/Ros2_WS_Final/install/odometry_pkg' for CMake module files
[3.440s] DEBUG:colcon.colcon_core.event_handler.log_command:Invoked command in '/home/adnan/Ros2_WS_Final/src/odometry_pkg' returned '0': PYTHONPATH=/home/adnan/Ros2_WS_Final/build/odometry_pkg/prefix_override:/usr/lib/python3/dist-packages/colcon_core/task/python/colcon_distutils_commands:/home/adnan/Ros2_WS_Final/install/odometry_pkg/lib/python3.10/site-packages:${PYTHONPATH} /usr/bin/python3 -W ignore:setup.py install is deprecated setup.py egg_info --egg-base ../../build/odometry_pkg build --build-base /home/adnan/Ros2_WS_Final/build/odometry_pkg/build install --record /home/adnan/Ros2_WS_Final/build/odometry_pkg/install.log --single-version-externally-managed install_data
[3.440s] Level 1:colcon.colcon_core.environment:checking '/home/adnan/Ros2_WS_Final/install/odometry_pkg' for CMake config files
[3.441s] Level 1:colcon.colcon_core.environment:checking '/home/adnan/Ros2_WS_Final/install/odometry_pkg/lib'
[3.441s] Level 1:colcon.colcon_core.environment:checking '/home/adnan/Ros2_WS_Final/install/odometry_pkg/bin'
[3.442s] Level 1:colcon.colcon_core.environment:checking '/home/adnan/Ros2_WS_Final/install/odometry_pkg/lib/pkgconfig/odometry_pkg.pc'
[3.442s] Level 1:colcon.colcon_core.environment:checking '/home/adnan/Ros2_WS_Final/install/odometry_pkg/lib/python3.10/site-packages'
[3.442s] Level 1:colcon.colcon_core.shell:create_environment_hook('odometry_pkg', 'pythonpath')
[3.443s] INFO:colcon.colcon_core.shell:Creating environment hook '/home/adnan/Ros2_WS_Final/install/odometry_pkg/share/odometry_pkg/hook/pythonpath.ps1'
[3.445s] INFO:colcon.colcon_core.shell:Creating environment descriptor '/home/adnan/Ros2_WS_Final/install/odometry_pkg/share/odometry_pkg/hook/pythonpath.dsv'
[3.446s] INFO:colcon.colcon_core.shell:Creating environment hook '/home/adnan/Ros2_WS_Final/install/odometry_pkg/share/odometry_pkg/hook/pythonpath.sh'
[3.448s] Level 1:colcon.colcon_core.environment:checking '/home/adnan/Ros2_WS_Final/install/odometry_pkg/bin'
[3.448s] Level 1:colcon.colcon_core.environment:create_environment_scripts_only(odometry_pkg)
[3.448s] INFO:colcon.colcon_core.shell:Creating package script '/home/adnan/Ros2_WS_Final/install/odometry_pkg/share/odometry_pkg/package.ps1'
[3.449s] INFO:colcon.colcon_core.shell:Creating package descriptor '/home/adnan/Ros2_WS_Final/install/odometry_pkg/share/odometry_pkg/package.dsv'
[3.450s] INFO:colcon.colcon_core.shell:Creating package script '/home/adnan/Ros2_WS_Final/install/odometry_pkg/share/odometry_pkg/package.sh'
[3.451s] INFO:colcon.colcon_core.shell:Creating package script '/home/adnan/Ros2_WS_Final/install/odometry_pkg/share/odometry_pkg/package.bash'
[3.452s] INFO:colcon.colcon_core.shell:Creating package script '/home/adnan/Ros2_WS_Final/install/odometry_pkg/share/odometry_pkg/package.zsh'
[3.452s] Level 1:colcon.colcon_core.environment:create_file_with_runtime_dependencies(/home/adnan/Ros2_WS_Final/install/odometry_pkg/share/colcon-core/packages/odometry_pkg)
[3.468s] Level 1:colcon.colcon_core.environment:checking '/home/adnan/Ros2_WS_Final/install/robot_publisher_pkg' for CMake module files
[3.468s] DEBUG:colcon.colcon_core.event_handler.log_command:Invoked command in '/home/adnan/Ros2_WS_Final/src/robot_publisher_pkg' returned '0': PYTHONPATH=/home/adnan/Ros2_WS_Final/build/robot_publisher_pkg/prefix_override:/usr/lib/python3/dist-packages/colcon_core/task/python/colcon_distutils_commands:/home/adnan/Ros2_WS_Final/install/robot_publisher_pkg/lib/python3.10/site-packages:${PYTHONPATH} /usr/bin/python3 -W ignore:setup.py install is deprecated setup.py egg_info --egg-base ../../build/robot_publisher_pkg build --build-base /home/adnan/Ros2_WS_Final/build/robot_publisher_pkg/build install --record /home/adnan/Ros2_WS_Final/build/robot_publisher_pkg/install.log --single-version-externally-managed install_data
[3.470s] Level 1:colcon.colcon_core.environment:checking '/home/adnan/Ros2_WS_Final/install/robot_publisher_pkg' for CMake config files
[3.472s] Level 1:colcon.colcon_core.environment:checking '/home/adnan/Ros2_WS_Final/install/robot_publisher_pkg/lib'
[3.472s] Level 1:colcon.colcon_core.environment:checking '/home/adnan/Ros2_WS_Final/install/robot_publisher_pkg/bin'
[3.473s] Level 1:colcon.colcon_core.environment:checking '/home/adnan/Ros2_WS_Final/install/robot_publisher_pkg/lib/pkgconfig/robot_publisher_pkg.pc'
[3.473s] Level 1:colcon.colcon_core.environment:checking '/home/adnan/Ros2_WS_Final/install/robot_publisher_pkg/lib/python3.10/site-packages'
[3.473s] Level 1:colcon.colcon_core.shell:create_environment_hook('robot_publisher_pkg', 'pythonpath')
[3.474s] INFO:colcon.colcon_core.shell:Creating environment hook '/home/adnan/Ros2_WS_Final/install/robot_publisher_pkg/share/robot_publisher_pkg/hook/pythonpath.ps1'
[3.475s] INFO:colcon.colcon_core.shell:Creating environment descriptor '/home/adnan/Ros2_WS_Final/install/robot_publisher_pkg/share/robot_publisher_pkg/hook/pythonpath.dsv'
[3.475s] INFO:colcon.colcon_core.shell:Creating environment hook '/home/adnan/Ros2_WS_Final/install/robot_publisher_pkg/share/robot_publisher_pkg/hook/pythonpath.sh'
[3.476s] Level 1:colcon.colcon_core.environment:checking '/home/adnan/Ros2_WS_Final/install/robot_publisher_pkg/bin'
[3.477s] Level 1:colcon.colcon_core.environment:create_environment_scripts_only(robot_publisher_pkg)
[3.478s] INFO:colcon.colcon_core.shell:Creating package script '/home/adnan/Ros2_WS_Final/install/robot_publisher_pkg/share/robot_publisher_pkg/package.ps1'
[3.481s] INFO:colcon.colcon_core.shell:Creating package descriptor '/home/adnan/Ros2_WS_Final/install/robot_publisher_pkg/share/robot_publisher_pkg/package.dsv'
[3.482s] INFO:colcon.colcon_core.shell:Creating package script '/home/adnan/Ros2_WS_Final/install/robot_publisher_pkg/share/robot_publisher_pkg/package.sh'
[3.483s] INFO:colcon.colcon_core.shell:Creating package script '/home/adnan/Ros2_WS_Final/install/robot_publisher_pkg/share/robot_publisher_pkg/package.bash'
[3.484s] INFO:colcon.colcon_core.shell:Creating package script '/home/adnan/Ros2_WS_Final/install/robot_publisher_pkg/share/robot_publisher_pkg/package.zsh'
[3.485s] Level 1:colcon.colcon_core.environment:create_file_with_runtime_dependencies(/home/adnan/Ros2_WS_Final/install/robot_publisher_pkg/share/colcon-core/packages/robot_publisher_pkg)
[3.486s] DEBUG:colcon.colcon_parallel_executor.executor.parallel:closing loop
[3.486s] DEBUG:colcon.colcon_parallel_executor.executor.parallel:loop closed
[3.487s] DEBUG:colcon.colcon_parallel_executor.executor.parallel:run_until_complete finished with '0'
[3.487s] DEBUG:colcon.colcon_core.event_reactor:joining thread
[3.497s] INFO:colcon.colcon_core.plugin_system:Skipping extension 'colcon_notification.desktop_notification.terminal_notifier': Not used on non-Darwin systems
[3.497s] INFO:colcon.colcon_core.plugin_system:Skipping extension 'colcon_notification.desktop_notification.win32': Not used on non-Windows systems
[3.497s] INFO:colcon.colcon_notification.desktop_notification:Sending desktop notification using 'notify2'
[3.521s] DEBUG:colcon.colcon_core.event_reactor:joined thread
[3.522s] INFO:colcon.colcon_core.shell:Creating prefix script '/home/adnan/Ros2_WS_Final/install/local_setup.ps1'
[3.524s] INFO:colcon.colcon_core.shell:Creating prefix util module '/home/adnan/Ros2_WS_Final/install/_local_setup_util_ps1.py'
[3.527s] INFO:colcon.colcon_core.shell:Creating prefix chain script '/home/adnan/Ros2_WS_Final/install/setup.ps1'
[3.529s] INFO:colcon.colcon_core.shell:Creating prefix script '/home/adnan/Ros2_WS_Final/install/local_setup.sh'
[3.530s] INFO:colcon.colcon_core.shell:Creating prefix util module '/home/adnan/Ros2_WS_Final/install/_local_setup_util_sh.py'
[3.531s] INFO:colcon.colcon_core.shell:Creating prefix chain script '/home/adnan/Ros2_WS_Final/install/setup.sh'
[3.533s] INFO:colcon.colcon_core.shell:Creating prefix script '/home/adnan/Ros2_WS_Final/install/local_setup.bash'
[3.534s] INFO:colcon.colcon_core.shell:Creating prefix chain script '/home/adnan/Ros2_WS_Final/install/setup.bash'
[3.536s] INFO:colcon.colcon_core.shell:Creating prefix script '/home/adnan/Ros2_WS_Final/install/local_setup.zsh'
[3.537s] INFO:colcon.colcon_core.shell:Creating prefix chain script '/home/adnan/Ros2_WS_Final/install/setup.zsh'
