[1.840s] Invoking command in '/home/adnan/Ros2_WS_Final/src/odometry_pkg': PYTHONPATH=/home/adnan/Ros2_WS_Final/build/odometry_pkg/prefix_override:/usr/lib/python3/dist-packages/colcon_core/task/python/colcon_distutils_commands:/home/adnan/Ros2_WS_Final/install/odometry_pkg/lib/python3.10/site-packages:${PYTHONPATH} /usr/bin/python3 -W ignore:setup.py install is deprecated setup.py egg_info --egg-base ../../build/odometry_pkg build --build-base /home/adnan/Ros2_WS_Final/build/odometry_pkg/build install --record /home/adnan/Ros2_WS_Final/build/odometry_pkg/install.log --single-version-externally-managed install_data
[2.334s] running egg_info
[2.336s] writing ../../build/odometry_pkg/odometry_pkg.egg-info/PKG-INFO
[2.340s] writing dependency_links to ../../build/odometry_pkg/odometry_pkg.egg-info/dependency_links.txt
[2.340s] writing entry points to ../../build/odometry_pkg/odometry_pkg.egg-info/entry_points.txt
[2.341s] writing requirements to ../../build/odometry_pkg/odometry_pkg.egg-info/requires.txt
[2.341s] writing top-level names to ../../build/odometry_pkg/odometry_pkg.egg-info/top_level.txt
[2.345s] reading manifest file '../../build/odometry_pkg/odometry_pkg.egg-info/SOURCES.txt'
[2.347s] writing manifest file '../../build/odometry_pkg/odometry_pkg.egg-info/SOURCES.txt'
[2.348s] running build
[2.348s] running build_py
[2.348s] copying odometry_pkg/odometry_node.py -> /home/adnan/Ros2_WS_Final/build/odometry_pkg/build/lib/odometry_pkg
[2.349s] running install
[2.350s] running install_lib
[2.352s] copying /home/adnan/Ros2_WS_Final/build/odometry_pkg/build/lib/odometry_pkg/odometry_node.py -> /home/adnan/Ros2_WS_Final/install/odometry_pkg/lib/python3.10/site-packages/odometry_pkg
[2.354s] byte-compiling /home/adnan/Ros2_WS_Final/install/odometry_pkg/lib/python3.10/site-packages/odometry_pkg/odometry_node.py to odometry_node.cpython-310.pyc
[2.358s] running install_data
[2.358s] running install_egg_info
[2.362s] removing '/home/adnan/Ros2_WS_Final/install/odometry_pkg/lib/python3.10/site-packages/odometry_pkg-0.0.0-py3.10.egg-info' (and everything under it)
[2.363s] Copying ../../build/odometry_pkg/odometry_pkg.egg-info to /home/adnan/Ros2_WS_Final/install/odometry_pkg/lib/python3.10/site-packages/odometry_pkg-0.0.0-py3.10.egg-info
[2.365s] running install_scripts
[2.399s] Installing odometry_node script to /home/adnan/Ros2_WS_Final/install/odometry_pkg/lib/odometry_pkg
[2.399s] writing list of installed files to '/home/adnan/Ros2_WS_Final/build/odometry_pkg/install.log'
[2.481s] Invoked command in '/home/adnan/Ros2_WS_Final/src/odometry_pkg' returned '0': PYTHONPATH=/home/adnan/Ros2_WS_Final/build/odometry_pkg/prefix_override:/usr/lib/python3/dist-packages/colcon_core/task/python/colcon_distutils_commands:/home/adnan/Ros2_WS_Final/install/odometry_pkg/lib/python3.10/site-packages:${PYTHONPATH} /usr/bin/python3 -W ignore:setup.py install is deprecated setup.py egg_info --egg-base ../../build/odometry_pkg build --build-base /home/adnan/Ros2_WS_Final/build/odometry_pkg/build install --record /home/adnan/Ros2_WS_Final/build/odometry_pkg/install.log --single-version-externally-managed install_data
