[0.131s] DEBUG:colcon:Command line arguments: ['/usr/bin/colcon', 'build']
[0.131s] DEBUG:colcon:Parsed command line arguments: Namespace(log_base=None, log_level=None, verb_name='build', build_base='build', install_base='install', merge_install=False, symlink_install=False, test_result_base=None, continue_on_error=False, executor='parallel', parallel_workers=4, event_handlers=None, ignore_user_meta=False, metas=['./colcon.meta'], base_paths=['.'], packages_ignore=None, packages_ignore_regex=None, paths=None, packages_up_to=None, packages_up_to_regex=None, packages_above=None, packages_above_and_dependencies=None, packages_above_depth=None, packages_select_by_dep=None, packages_skip_by_dep=None, packages_skip_up_to=None, packages_select_build_failed=False, packages_skip_build_finished=False, packages_select_test_failures=False, packages_skip_test_passed=False, packages_select=None, packages_skip=None, packages_select_regex=None, packages_skip_regex=None, packages_start=None, packages_end=None, allow_overriding=[], cmake_args=None, cmake_target=None, cmake_target_skip_unavailable=False, cmake_clean_cache=False, cmake_clean_first=False, cmake_force_configure=False, ament_cmake_args=None, catkin_cmake_args=None, catkin_skip_building_tests=False, verb_parser=<colcon_defaults.argument_parser.defaults.DefaultArgumentsDecorator object at 0x7917204c5690>, verb_extension=<colcon_core.verb.build.BuildVerb object at 0x7917204c45b0>, main=<bound method BuildVerb.main of <colcon_core.verb.build.BuildVerb object at 0x7917204c45b0>>)
[0.331s] Level 1:colcon.colcon_core.package_discovery:discover_packages(colcon_meta) check parameters
[0.331s] Level 1:colcon.colcon_core.package_discovery:discover_packages(recursive) check parameters
[0.331s] Level 1:colcon.colcon_core.package_discovery:discover_packages(ignore) check parameters
[0.331s] Level 1:colcon.colcon_core.package_discovery:discover_packages(path) check parameters
[0.331s] Level 1:colcon.colcon_core.package_discovery:discover_packages(colcon_meta) discover
[0.331s] Level 1:colcon.colcon_core.package_discovery:discover_packages(recursive) discover
[0.331s] INFO:colcon.colcon_core.package_discovery:Crawling recursively for packages in '/home/adnan/Ros2_WS_Final'
[0.331s] Level 1:colcon.colcon_core.package_identification:_identify(.) by extensions ['ignore', 'ignore_ament_install']
[0.331s] Level 1:colcon.colcon_core.package_identification:_identify(.) by extension 'ignore'
[0.332s] Level 1:colcon.colcon_core.package_identification:_identify(.) by extension 'ignore_ament_install'
[0.332s] Level 1:colcon.colcon_core.package_identification:_identify(.) by extensions ['colcon_pkg']
[0.332s] Level 1:colcon.colcon_core.package_identification:_identify(.) by extension 'colcon_pkg'
[0.332s] Level 1:colcon.colcon_core.package_identification:_identify(.) by extensions ['colcon_meta']
[0.332s] Level 1:colcon.colcon_core.package_identification:_identify(.) by extension 'colcon_meta'
[0.332s] Level 1:colcon.colcon_core.package_identification:_identify(.) by extensions ['ros']
[0.332s] Level 1:colcon.colcon_core.package_identification:_identify(.) by extension 'ros'
[0.344s] Level 1:colcon.colcon_core.package_identification:_identify(.) by extensions ['cmake', 'python']
[0.344s] Level 1:colcon.colcon_core.package_identification:_identify(.) by extension 'cmake'
[0.344s] Level 1:colcon.colcon_core.package_identification:_identify(.) by extension 'python'
[0.344s] Level 1:colcon.colcon_core.package_identification:_identify(.) by extensions ['python_setup_py']
[0.344s] Level 1:colcon.colcon_core.package_identification:_identify(.) by extension 'python_setup_py'
[0.344s] Level 1:colcon.colcon_core.package_identification:_identify(build) by extensions ['ignore', 'ignore_ament_install']
[0.344s] Level 1:colcon.colcon_core.package_identification:_identify(build) by extension 'ignore'
[0.345s] Level 1:colcon.colcon_core.package_identification:_identify(build) ignored
[0.345s] Level 1:colcon.colcon_core.package_identification:_identify(install) by extensions ['ignore', 'ignore_ament_install']
[0.345s] Level 1:colcon.colcon_core.package_identification:_identify(install) by extension 'ignore'
[0.345s] Level 1:colcon.colcon_core.package_identification:_identify(install) ignored
[0.345s] Level 1:colcon.colcon_core.package_identification:_identify(log) by extensions ['ignore', 'ignore_ament_install']
[0.345s] Level 1:colcon.colcon_core.package_identification:_identify(log) by extension 'ignore'
[0.345s] Level 1:colcon.colcon_core.package_identification:_identify(log) ignored
[0.345s] Level 1:colcon.colcon_core.package_identification:_identify(src) by extensions ['ignore', 'ignore_ament_install']
[0.345s] Level 1:colcon.colcon_core.package_identification:_identify(src) by extension 'ignore'
[0.345s] Level 1:colcon.colcon_core.package_identification:_identify(src) by extension 'ignore_ament_install'
[0.345s] Level 1:colcon.colcon_core.package_identification:_identify(src) by extensions ['colcon_pkg']
[0.345s] Level 1:colcon.colcon_core.package_identification:_identify(src) by extension 'colcon_pkg'
[0.345s] Level 1:colcon.colcon_core.package_identification:_identify(src) by extensions ['colcon_meta']
[0.345s] Level 1:colcon.colcon_core.package_identification:_identify(src) by extension 'colcon_meta'
[0.346s] Level 1:colcon.colcon_core.package_identification:_identify(src) by extensions ['ros']
[0.346s] Level 1:colcon.colcon_core.package_identification:_identify(src) by extension 'ros'
[0.346s] Level 1:colcon.colcon_core.package_identification:_identify(src) by extensions ['cmake', 'python']
[0.346s] Level 1:colcon.colcon_core.package_identification:_identify(src) by extension 'cmake'
[0.346s] Level 1:colcon.colcon_core.package_identification:_identify(src) by extension 'python'
[0.346s] Level 1:colcon.colcon_core.package_identification:_identify(src) by extensions ['python_setup_py']
[0.346s] Level 1:colcon.colcon_core.package_identification:_identify(src) by extension 'python_setup_py'
[0.346s] Level 1:colcon.colcon_core.package_identification:_identify(src/odometry_pkg) by extensions ['ignore', 'ignore_ament_install']
[0.346s] Level 1:colcon.colcon_core.package_identification:_identify(src/odometry_pkg) by extension 'ignore'
[0.346s] Level 1:colcon.colcon_core.package_identification:_identify(src/odometry_pkg) by extension 'ignore_ament_install'
[0.346s] Level 1:colcon.colcon_core.package_identification:_identify(src/odometry_pkg) by extensions ['colcon_pkg']
[0.346s] Level 1:colcon.colcon_core.package_identification:_identify(src/odometry_pkg) by extension 'colcon_pkg'
[0.346s] Level 1:colcon.colcon_core.package_identification:_identify(src/odometry_pkg) by extensions ['colcon_meta']
[0.346s] Level 1:colcon.colcon_core.package_identification:_identify(src/odometry_pkg) by extension 'colcon_meta'
[0.346s] Level 1:colcon.colcon_core.package_identification:_identify(src/odometry_pkg) by extensions ['ros']
[0.346s] Level 1:colcon.colcon_core.package_identification:_identify(src/odometry_pkg) by extension 'ros'
[0.349s] DEBUG:colcon.colcon_core.package_identification:Package 'src/odometry_pkg' with type 'ros.ament_python' and name 'odometry_pkg'
[0.349s] Level 1:colcon.colcon_core.package_identification:_identify(src/robot_publisher_pkg) by extensions ['ignore', 'ignore_ament_install']
[0.349s] Level 1:colcon.colcon_core.package_identification:_identify(src/robot_publisher_pkg) by extension 'ignore'
[0.350s] Level 1:colcon.colcon_core.package_identification:_identify(src/robot_publisher_pkg) by extension 'ignore_ament_install'
[0.350s] Level 1:colcon.colcon_core.package_identification:_identify(src/robot_publisher_pkg) by extensions ['colcon_pkg']
[0.350s] Level 1:colcon.colcon_core.package_identification:_identify(src/robot_publisher_pkg) by extension 'colcon_pkg'
[0.350s] Level 1:colcon.colcon_core.package_identification:_identify(src/robot_publisher_pkg) by extensions ['colcon_meta']
[0.350s] Level 1:colcon.colcon_core.package_identification:_identify(src/robot_publisher_pkg) by extension 'colcon_meta'
[0.350s] Level 1:colcon.colcon_core.package_identification:_identify(src/robot_publisher_pkg) by extensions ['ros']
[0.350s] Level 1:colcon.colcon_core.package_identification:_identify(src/robot_publisher_pkg) by extension 'ros'
[0.350s] DEBUG:colcon.colcon_core.package_identification:Package 'src/robot_publisher_pkg' with type 'ros.ament_python' and name 'robot_publisher_pkg'
[0.351s] Level 1:colcon.colcon_core.package_identification:_identify(src/teleop_twist_keyboard_pkg) by extensions ['ignore', 'ignore_ament_install']
[0.351s] Level 1:colcon.colcon_core.package_identification:_identify(src/teleop_twist_keyboard_pkg) by extension 'ignore'
[0.351s] Level 1:colcon.colcon_core.package_identification:_identify(src/teleop_twist_keyboard_pkg) by extension 'ignore_ament_install'
[0.351s] Level 1:colcon.colcon_core.package_identification:_identify(src/teleop_twist_keyboard_pkg) by extensions ['colcon_pkg']
[0.351s] Level 1:colcon.colcon_core.package_identification:_identify(src/teleop_twist_keyboard_pkg) by extension 'colcon_pkg'
[0.351s] Level 1:colcon.colcon_core.package_identification:_identify(src/teleop_twist_keyboard_pkg) by extensions ['colcon_meta']
[0.351s] Level 1:colcon.colcon_core.package_identification:_identify(src/teleop_twist_keyboard_pkg) by extension 'colcon_meta'
[0.351s] Level 1:colcon.colcon_core.package_identification:_identify(src/teleop_twist_keyboard_pkg) by extensions ['ros']
[0.351s] Level 1:colcon.colcon_core.package_identification:_identify(src/teleop_twist_keyboard_pkg) by extension 'ros'
[0.351s] DEBUG:colcon.colcon_core.package_identification:Package 'src/teleop_twist_keyboard_pkg' with type 'ros.ament_python' and name 'teleop_twist_keyboard_pkg'
[0.352s] Level 1:colcon.colcon_core.package_discovery:discover_packages(recursive) using defaults
[0.352s] Level 1:colcon.colcon_core.package_discovery:discover_packages(ignore) discover
[0.352s] Level 1:colcon.colcon_core.package_discovery:discover_packages(ignore) using defaults
[0.352s] Level 1:colcon.colcon_core.package_discovery:discover_packages(path) discover
[0.352s] Level 1:colcon.colcon_core.package_discovery:discover_packages(path) using defaults
[0.375s] Level 1:colcon.colcon_core.package_discovery:discover_packages(prefix_path) check parameters
[0.375s] Level 1:colcon.colcon_core.package_discovery:discover_packages(prefix_path) discover
[0.378s] DEBUG:colcon.colcon_installed_package_information.package_discovery:Found 331 installed packages in /opt/ros/humble
[0.380s] Level 1:colcon.colcon_core.package_discovery:discover_packages(prefix_path) using defaults
[0.446s] Level 5:colcon.colcon_core.verb:set package 'odometry_pkg' build argument 'cmake_args' from command line to 'None'
[0.446s] Level 5:colcon.colcon_core.verb:set package 'odometry_pkg' build argument 'cmake_target' from command line to 'None'
[0.446s] Level 5:colcon.colcon_core.verb:set package 'odometry_pkg' build argument 'cmake_target_skip_unavailable' from command line to 'False'
[0.446s] Level 5:colcon.colcon_core.verb:set package 'odometry_pkg' build argument 'cmake_clean_cache' from command line to 'False'
[0.446s] Level 5:colcon.colcon_core.verb:set package 'odometry_pkg' build argument 'cmake_clean_first' from command line to 'False'
[0.446s] Level 5:colcon.colcon_core.verb:set package 'odometry_pkg' build argument 'cmake_force_configure' from command line to 'False'
[0.446s] Level 5:colcon.colcon_core.verb:set package 'odometry_pkg' build argument 'ament_cmake_args' from command line to 'None'
[0.446s] Level 5:colcon.colcon_core.verb:set package 'odometry_pkg' build argument 'catkin_cmake_args' from command line to 'None'
[0.446s] Level 5:colcon.colcon_core.verb:set package 'odometry_pkg' build argument 'catkin_skip_building_tests' from command line to 'False'
[0.446s] DEBUG:colcon.colcon_core.verb:Building package 'odometry_pkg' with the following arguments: {'ament_cmake_args': None, 'build_base': '/home/adnan/Ros2_WS_Final/build/odometry_pkg', 'catkin_cmake_args': None, 'catkin_skip_building_tests': False, 'cmake_args': None, 'cmake_clean_cache': False, 'cmake_clean_first': False, 'cmake_force_configure': False, 'cmake_target': None, 'cmake_target_skip_unavailable': False, 'install_base': '/home/adnan/Ros2_WS_Final/install/odometry_pkg', 'merge_install': False, 'path': '/home/adnan/Ros2_WS_Final/src/odometry_pkg', 'symlink_install': False, 'test_result_base': None}
[0.447s] Level 5:colcon.colcon_core.verb:set package 'robot_publisher_pkg' build argument 'cmake_args' from command line to 'None'
[0.447s] Level 5:colcon.colcon_core.verb:set package 'robot_publisher_pkg' build argument 'cmake_target' from command line to 'None'
[0.447s] Level 5:colcon.colcon_core.verb:set package 'robot_publisher_pkg' build argument 'cmake_target_skip_unavailable' from command line to 'False'
[0.447s] Level 5:colcon.colcon_core.verb:set package 'robot_publisher_pkg' build argument 'cmake_clean_cache' from command line to 'False'
[0.447s] Level 5:colcon.colcon_core.verb:set package 'robot_publisher_pkg' build argument 'cmake_clean_first' from command line to 'False'
[0.447s] Level 5:colcon.colcon_core.verb:set package 'robot_publisher_pkg' build argument 'cmake_force_configure' from command line to 'False'
[0.447s] Level 5:colcon.colcon_core.verb:set package 'robot_publisher_pkg' build argument 'ament_cmake_args' from command line to 'None'
[0.447s] Level 5:colcon.colcon_core.verb:set package 'robot_publisher_pkg' build argument 'catkin_cmake_args' from command line to 'None'
[0.447s] Level 5:colcon.colcon_core.verb:set package 'robot_publisher_pkg' build argument 'catkin_skip_building_tests' from command line to 'False'
[0.447s] DEBUG:colcon.colcon_core.verb:Building package 'robot_publisher_pkg' with the following arguments: {'ament_cmake_args': None, 'build_base': '/home/adnan/Ros2_WS_Final/build/robot_publisher_pkg', 'catkin_cmake_args': None, 'catkin_skip_building_tests': False, 'cmake_args': None, 'cmake_clean_cache': False, 'cmake_clean_first': False, 'cmake_force_configure': False, 'cmake_target': None, 'cmake_target_skip_unavailable': False, 'install_base': '/home/adnan/Ros2_WS_Final/install/robot_publisher_pkg', 'merge_install': False, 'path': '/home/adnan/Ros2_WS_Final/src/robot_publisher_pkg', 'symlink_install': False, 'test_result_base': None}
[0.448s] Level 5:colcon.colcon_core.verb:set package 'teleop_twist_keyboard_pkg' build argument 'cmake_args' from command line to 'None'
[0.448s] Level 5:colcon.colcon_core.verb:set package 'teleop_twist_keyboard_pkg' build argument 'cmake_target' from command line to 'None'
[0.448s] Level 5:colcon.colcon_core.verb:set package 'teleop_twist_keyboard_pkg' build argument 'cmake_target_skip_unavailable' from command line to 'False'
[0.448s] Level 5:colcon.colcon_core.verb:set package 'teleop_twist_keyboard_pkg' build argument 'cmake_clean_cache' from command line to 'False'
[0.448s] Level 5:colcon.colcon_core.verb:set package 'teleop_twist_keyboard_pkg' build argument 'cmake_clean_first' from command line to 'False'
[0.448s] Level 5:colcon.colcon_core.verb:set package 'teleop_twist_keyboard_pkg' build argument 'cmake_force_configure' from command line to 'False'
[0.448s] Level 5:colcon.colcon_core.verb:set package 'teleop_twist_keyboard_pkg' build argument 'ament_cmake_args' from command line to 'None'
[0.448s] Level 5:colcon.colcon_core.verb:set package 'teleop_twist_keyboard_pkg' build argument 'catkin_cmake_args' from command line to 'None'
[0.448s] Level 5:colcon.colcon_core.verb:set package 'teleop_twist_keyboard_pkg' build argument 'catkin_skip_building_tests' from command line to 'False'
[0.448s] DEBUG:colcon.colcon_core.verb:Building package 'teleop_twist_keyboard_pkg' with the following arguments: {'ament_cmake_args': None, 'build_base': '/home/adnan/Ros2_WS_Final/build/teleop_twist_keyboard_pkg', 'catkin_cmake_args': None, 'catkin_skip_building_tests': False, 'cmake_args': None, 'cmake_clean_cache': False, 'cmake_clean_first': False, 'cmake_force_configure': False, 'cmake_target': None, 'cmake_target_skip_unavailable': False, 'install_base': '/home/adnan/Ros2_WS_Final/install/teleop_twist_keyboard_pkg', 'merge_install': False, 'path': '/home/adnan/Ros2_WS_Final/src/teleop_twist_keyboard_pkg', 'symlink_install': False, 'test_result_base': None}
[0.448s] INFO:colcon.colcon_core.executor:Executing jobs using 'parallel' executor
[0.450s] DEBUG:colcon.colcon_parallel_executor.executor.parallel:run_until_complete
[0.451s] INFO:colcon.colcon_ros.task.ament_python.build:Building ROS package in '/home/adnan/Ros2_WS_Final/src/odometry_pkg' with build type 'ament_python'
[0.451s] Level 1:colcon.colcon_core.shell:create_environment_hook('odometry_pkg', 'ament_prefix_path')
[0.456s] INFO:colcon.colcon_core.plugin_system:Skipping extension 'colcon_core.shell.bat': Not used on non-Windows systems
[0.457s] INFO:colcon.colcon_core.shell:Creating environment hook '/home/adnan/Ros2_WS_Final/install/odometry_pkg/share/odometry_pkg/hook/ament_prefix_path.ps1'
[0.458s] INFO:colcon.colcon_core.shell:Creating environment descriptor '/home/adnan/Ros2_WS_Final/install/odometry_pkg/share/odometry_pkg/hook/ament_prefix_path.dsv'
[0.459s] INFO:colcon.colcon_core.shell:Creating environment hook '/home/adnan/Ros2_WS_Final/install/odometry_pkg/share/odometry_pkg/hook/ament_prefix_path.sh'
[0.461s] INFO:colcon.colcon_core.shell:Skip shell extension 'powershell' for command environment: Not usable outside of PowerShell
[0.461s] DEBUG:colcon.colcon_core.shell:Skip shell extension 'dsv' for command environment
[0.466s] INFO:colcon.colcon_ros.task.ament_python.build:Building ROS package in '/home/adnan/Ros2_WS_Final/src/robot_publisher_pkg' with build type 'ament_python'
[0.467s] Level 1:colcon.colcon_core.shell:create_environment_hook('robot_publisher_pkg', 'ament_prefix_path')
[0.468s] INFO:colcon.colcon_core.shell:Creating environment hook '/home/adnan/Ros2_WS_Final/install/robot_publisher_pkg/share/robot_publisher_pkg/hook/ament_prefix_path.ps1'
[0.470s] INFO:colcon.colcon_core.shell:Creating environment descriptor '/home/adnan/Ros2_WS_Final/install/robot_publisher_pkg/share/robot_publisher_pkg/hook/ament_prefix_path.dsv'
[0.471s] INFO:colcon.colcon_core.shell:Creating environment hook '/home/adnan/Ros2_WS_Final/install/robot_publisher_pkg/share/robot_publisher_pkg/hook/ament_prefix_path.sh'
[0.473s] INFO:colcon.colcon_core.shell:Skip shell extension 'powershell' for command environment: Not usable outside of PowerShell
[0.473s] DEBUG:colcon.colcon_core.shell:Skip shell extension 'dsv' for command environment
[0.479s] INFO:colcon.colcon_ros.task.ament_python.build:Building ROS package in '/home/adnan/Ros2_WS_Final/src/teleop_twist_keyboard_pkg' with build type 'ament_python'
[0.480s] Level 1:colcon.colcon_core.shell:create_environment_hook('teleop_twist_keyboard_pkg', 'ament_prefix_path')
[0.481s] INFO:colcon.colcon_core.shell:Creating environment hook '/home/adnan/Ros2_WS_Final/install/teleop_twist_keyboard_pkg/share/teleop_twist_keyboard_pkg/hook/ament_prefix_path.ps1'
[0.482s] INFO:colcon.colcon_core.shell:Creating environment descriptor '/home/adnan/Ros2_WS_Final/install/teleop_twist_keyboard_pkg/share/teleop_twist_keyboard_pkg/hook/ament_prefix_path.dsv'
[0.483s] INFO:colcon.colcon_core.shell:Creating environment hook '/home/adnan/Ros2_WS_Final/install/teleop_twist_keyboard_pkg/share/teleop_twist_keyboard_pkg/hook/ament_prefix_path.sh'
[0.484s] INFO:colcon.colcon_core.shell:Skip shell extension 'powershell' for command environment: Not usable outside of PowerShell
[0.484s] DEBUG:colcon.colcon_core.shell:Skip shell extension 'dsv' for command environment
[0.883s] INFO:colcon.colcon_core.task.python.build:Building Python package in '/home/adnan/Ros2_WS_Final/src/odometry_pkg'
[0.884s] INFO:colcon.colcon_core.shell:Skip shell extension 'powershell' for command environment: Not usable outside of PowerShell
[0.884s] DEBUG:colcon.colcon_core.shell:Skip shell extension 'dsv' for command environment
[1.251s] WARNING:colcon.colcon_ros.task.ament_python.build:Package 'robot_publisher_pkg' doesn't explicitly install a marker in the package index (colcon-ros currently does it implicitly but that fallback will be removed in the future)
[1.252s] INFO:colcon.colcon_core.task.python.build:Building Python package in '/home/adnan/Ros2_WS_Final/src/robot_publisher_pkg'
[1.253s] INFO:colcon.colcon_core.shell:Skip shell extension 'powershell' for command environment: Not usable outside of PowerShell
[1.253s] DEBUG:colcon.colcon_core.shell:Skip shell extension 'dsv' for command environment
[1.687s] INFO:colcon.colcon_core.task.python.build:Building Python package in '/home/adnan/Ros2_WS_Final/src/teleop_twist_keyboard_pkg'
[1.687s] INFO:colcon.colcon_core.shell:Skip shell extension 'powershell' for command environment: Not usable outside of PowerShell
[1.688s] DEBUG:colcon.colcon_core.shell:Skip shell extension 'dsv' for command environment
[2.398s] DEBUG:colcon.colcon_core.event_handler.log_command:Invoking command in '/home/adnan/Ros2_WS_Final/src/teleop_twist_keyboard_pkg': PYTHONPATH=/home/adnan/Ros2_WS_Final/build/teleop_twist_keyboard_pkg/prefix_override:/usr/lib/python3/dist-packages/colcon_core/task/python/colcon_distutils_commands:/home/adnan/Ros2_WS_Final/install/teleop_twist_keyboard_pkg/lib/python3.10/site-packages:${PYTHONPATH} /usr/bin/python3 -W ignore:setup.py install is deprecated setup.py egg_info --egg-base ../../build/teleop_twist_keyboard_pkg build --build-base /home/adnan/Ros2_WS_Final/build/teleop_twist_keyboard_pkg/build install --record /home/adnan/Ros2_WS_Final/build/teleop_twist_keyboard_pkg/install.log --single-version-externally-managed install_data
[2.405s] DEBUG:colcon.colcon_core.event_handler.log_command:Invoking command in '/home/adnan/Ros2_WS_Final/src/robot_publisher_pkg': PYTHONPATH=/home/adnan/Ros2_WS_Final/build/robot_publisher_pkg/prefix_override:/usr/lib/python3/dist-packages/colcon_core/task/python/colcon_distutils_commands:/home/adnan/Ros2_WS_Final/install/robot_publisher_pkg/lib/python3.10/site-packages:${PYTHONPATH} /usr/bin/python3 -W ignore:setup.py install is deprecated setup.py egg_info --egg-base ../../build/robot_publisher_pkg build --build-base /home/adnan/Ros2_WS_Final/build/robot_publisher_pkg/build install --record /home/adnan/Ros2_WS_Final/build/robot_publisher_pkg/install.log --single-version-externally-managed install_data
[2.517s] DEBUG:colcon.colcon_core.event_handler.log_command:Invoking command in '/home/adnan/Ros2_WS_Final/src/odometry_pkg': PYTHONPATH=/home/adnan/Ros2_WS_Final/build/odometry_pkg/prefix_override:/usr/lib/python3/dist-packages/colcon_core/task/python/colcon_distutils_commands:/home/adnan/Ros2_WS_Final/install/odometry_pkg/lib/python3.10/site-packages:${PYTHONPATH} /usr/bin/python3 -W ignore:setup.py install is deprecated setup.py egg_info --egg-base ../../build/odometry_pkg build --build-base /home/adnan/Ros2_WS_Final/build/odometry_pkg/build install --record /home/adnan/Ros2_WS_Final/build/odometry_pkg/install.log --single-version-externally-managed install_data
[3.038s] Level 1:colcon.colcon_core.environment:checking '/home/adnan/Ros2_WS_Final/install/teleop_twist_keyboard_pkg' for CMake module files
[3.039s] Level 1:colcon.colcon_core.environment:checking '/home/adnan/Ros2_WS_Final/install/teleop_twist_keyboard_pkg' for CMake config files
[3.040s] Level 1:colcon.colcon_core.environment:checking '/home/adnan/Ros2_WS_Final/install/teleop_twist_keyboard_pkg/lib'
[3.041s] Level 1:colcon.colcon_core.environment:checking '/home/adnan/Ros2_WS_Final/install/teleop_twist_keyboard_pkg/bin'
[3.041s] Level 1:colcon.colcon_core.environment:checking '/home/adnan/Ros2_WS_Final/install/teleop_twist_keyboard_pkg/lib/pkgconfig/teleop_twist_keyboard_pkg.pc'
[3.042s] Level 1:colcon.colcon_core.environment:checking '/home/adnan/Ros2_WS_Final/install/teleop_twist_keyboard_pkg/lib/python3.10/site-packages'
[3.042s] Level 1:colcon.colcon_core.shell:create_environment_hook('teleop_twist_keyboard_pkg', 'pythonpath')
[3.042s] INFO:colcon.colcon_core.shell:Creating environment hook '/home/adnan/Ros2_WS_Final/install/teleop_twist_keyboard_pkg/share/teleop_twist_keyboard_pkg/hook/pythonpath.ps1'
[3.044s] DEBUG:colcon.colcon_core.event_handler.log_command:Invoked command in '/home/adnan/Ros2_WS_Final/src/teleop_twist_keyboard_pkg' returned '0': PYTHONPATH=/home/adnan/Ros2_WS_Final/build/teleop_twist_keyboard_pkg/prefix_override:/usr/lib/python3/dist-packages/colcon_core/task/python/colcon_distutils_commands:/home/adnan/Ros2_WS_Final/install/teleop_twist_keyboard_pkg/lib/python3.10/site-packages:${PYTHONPATH} /usr/bin/python3 -W ignore:setup.py install is deprecated setup.py egg_info --egg-base ../../build/teleop_twist_keyboard_pkg build --build-base /home/adnan/Ros2_WS_Final/build/teleop_twist_keyboard_pkg/build install --record /home/adnan/Ros2_WS_Final/build/teleop_twist_keyboard_pkg/install.log --single-version-externally-managed install_data
[3.044s] INFO:colcon.colcon_core.shell:Creating environment descriptor '/home/adnan/Ros2_WS_Final/install/teleop_twist_keyboard_pkg/share/teleop_twist_keyboard_pkg/hook/pythonpath.dsv'
[3.046s] INFO:colcon.colcon_core.shell:Creating environment hook '/home/adnan/Ros2_WS_Final/install/teleop_twist_keyboard_pkg/share/teleop_twist_keyboard_pkg/hook/pythonpath.sh'
[3.048s] Level 1:colcon.colcon_core.environment:checking '/home/adnan/Ros2_WS_Final/install/teleop_twist_keyboard_pkg/bin'
[3.048s] Level 1:colcon.colcon_core.environment:create_environment_scripts_only(teleop_twist_keyboard_pkg)
[3.049s] INFO:colcon.colcon_core.shell:Creating package script '/home/adnan/Ros2_WS_Final/install/teleop_twist_keyboard_pkg/share/teleop_twist_keyboard_pkg/package.ps1'
[3.055s] INFO:colcon.colcon_core.shell:Creating package descriptor '/home/adnan/Ros2_WS_Final/install/teleop_twist_keyboard_pkg/share/teleop_twist_keyboard_pkg/package.dsv'
[3.056s] INFO:colcon.colcon_core.shell:Creating package script '/home/adnan/Ros2_WS_Final/install/teleop_twist_keyboard_pkg/share/teleop_twist_keyboard_pkg/package.sh'
[3.059s] INFO:colcon.colcon_core.shell:Creating package script '/home/adnan/Ros2_WS_Final/install/teleop_twist_keyboard_pkg/share/teleop_twist_keyboard_pkg/package.bash'
[3.063s] INFO:colcon.colcon_core.shell:Creating package script '/home/adnan/Ros2_WS_Final/install/teleop_twist_keyboard_pkg/share/teleop_twist_keyboard_pkg/package.zsh'
[3.065s] Level 1:colcon.colcon_core.environment:create_file_with_runtime_dependencies(/home/adnan/Ros2_WS_Final/install/teleop_twist_keyboard_pkg/share/colcon-core/packages/teleop_twist_keyboard_pkg)
[3.201s] Level 1:colcon.colcon_core.environment:checking '/home/adnan/Ros2_WS_Final/install/robot_publisher_pkg' for CMake module files
[3.203s] DEBUG:colcon.colcon_core.event_handler.log_command:Invoked command in '/home/adnan/Ros2_WS_Final/src/robot_publisher_pkg' returned '0': PYTHONPATH=/home/adnan/Ros2_WS_Final/build/robot_publisher_pkg/prefix_override:/usr/lib/python3/dist-packages/colcon_core/task/python/colcon_distutils_commands:/home/adnan/Ros2_WS_Final/install/robot_publisher_pkg/lib/python3.10/site-packages:${PYTHONPATH} /usr/bin/python3 -W ignore:setup.py install is deprecated setup.py egg_info --egg-base ../../build/robot_publisher_pkg build --build-base /home/adnan/Ros2_WS_Final/build/robot_publisher_pkg/build install --record /home/adnan/Ros2_WS_Final/build/robot_publisher_pkg/install.log --single-version-externally-managed install_data
[3.204s] Level 1:colcon.colcon_core.environment:checking '/home/adnan/Ros2_WS_Final/install/robot_publisher_pkg' for CMake config files
[3.206s] Level 1:colcon.colcon_core.environment:checking '/home/adnan/Ros2_WS_Final/install/robot_publisher_pkg/lib'
[3.206s] Level 1:colcon.colcon_core.environment:checking '/home/adnan/Ros2_WS_Final/install/robot_publisher_pkg/bin'
[3.207s] Level 1:colcon.colcon_core.environment:checking '/home/adnan/Ros2_WS_Final/install/robot_publisher_pkg/lib/pkgconfig/robot_publisher_pkg.pc'
[3.207s] Level 1:colcon.colcon_core.environment:checking '/home/adnan/Ros2_WS_Final/install/robot_publisher_pkg/lib/python3.10/site-packages'
[3.207s] Level 1:colcon.colcon_core.shell:create_environment_hook('robot_publisher_pkg', 'pythonpath')
[3.208s] INFO:colcon.colcon_core.shell:Creating environment hook '/home/adnan/Ros2_WS_Final/install/robot_publisher_pkg/share/robot_publisher_pkg/hook/pythonpath.ps1'
[3.210s] INFO:colcon.colcon_core.shell:Creating environment descriptor '/home/adnan/Ros2_WS_Final/install/robot_publisher_pkg/share/robot_publisher_pkg/hook/pythonpath.dsv'
[3.212s] INFO:colcon.colcon_core.shell:Creating environment hook '/home/adnan/Ros2_WS_Final/install/robot_publisher_pkg/share/robot_publisher_pkg/hook/pythonpath.sh'
[3.216s] Level 1:colcon.colcon_core.environment:checking '/home/adnan/Ros2_WS_Final/install/robot_publisher_pkg/bin'
[3.216s] Level 1:colcon.colcon_core.environment:create_environment_scripts_only(robot_publisher_pkg)
[3.218s] INFO:colcon.colcon_core.shell:Creating package script '/home/adnan/Ros2_WS_Final/install/robot_publisher_pkg/share/robot_publisher_pkg/package.ps1'
[3.222s] INFO:colcon.colcon_core.shell:Creating package descriptor '/home/adnan/Ros2_WS_Final/install/robot_publisher_pkg/share/robot_publisher_pkg/package.dsv'
[3.223s] INFO:colcon.colcon_core.shell:Creating package script '/home/adnan/Ros2_WS_Final/install/robot_publisher_pkg/share/robot_publisher_pkg/package.sh'
[3.224s] INFO:colcon.colcon_core.shell:Creating package script '/home/adnan/Ros2_WS_Final/install/robot_publisher_pkg/share/robot_publisher_pkg/package.bash'
[3.225s] INFO:colcon.colcon_core.shell:Creating package script '/home/adnan/Ros2_WS_Final/install/robot_publisher_pkg/share/robot_publisher_pkg/package.zsh'
[3.226s] Level 1:colcon.colcon_core.environment:create_file_with_runtime_dependencies(/home/adnan/Ros2_WS_Final/install/robot_publisher_pkg/share/colcon-core/packages/robot_publisher_pkg)
[3.383s] Level 1:colcon.colcon_core.environment:checking '/home/adnan/Ros2_WS_Final/install/odometry_pkg' for CMake module files
[3.385s] DEBUG:colcon.colcon_core.event_handler.log_command:Invoked command in '/home/adnan/Ros2_WS_Final/src/odometry_pkg' returned '0': PYTHONPATH=/home/adnan/Ros2_WS_Final/build/odometry_pkg/prefix_override:/usr/lib/python3/dist-packages/colcon_core/task/python/colcon_distutils_commands:/home/adnan/Ros2_WS_Final/install/odometry_pkg/lib/python3.10/site-packages:${PYTHONPATH} /usr/bin/python3 -W ignore:setup.py install is deprecated setup.py egg_info --egg-base ../../build/odometry_pkg build --build-base /home/adnan/Ros2_WS_Final/build/odometry_pkg/build install --record /home/adnan/Ros2_WS_Final/build/odometry_pkg/install.log --single-version-externally-managed install_data
[3.386s] Level 1:colcon.colcon_core.environment:checking '/home/adnan/Ros2_WS_Final/install/odometry_pkg' for CMake config files
[3.388s] Level 1:colcon.colcon_core.environment:checking '/home/adnan/Ros2_WS_Final/install/odometry_pkg/lib'
[3.388s] Level 1:colcon.colcon_core.environment:checking '/home/adnan/Ros2_WS_Final/install/odometry_pkg/bin'
[3.388s] Level 1:colcon.colcon_core.environment:checking '/home/adnan/Ros2_WS_Final/install/odometry_pkg/lib/pkgconfig/odometry_pkg.pc'
[3.389s] Level 1:colcon.colcon_core.environment:checking '/home/adnan/Ros2_WS_Final/install/odometry_pkg/lib/python3.10/site-packages'
[3.389s] Level 1:colcon.colcon_core.shell:create_environment_hook('odometry_pkg', 'pythonpath')
[3.390s] INFO:colcon.colcon_core.shell:Creating environment hook '/home/adnan/Ros2_WS_Final/install/odometry_pkg/share/odometry_pkg/hook/pythonpath.ps1'
[3.391s] INFO:colcon.colcon_core.shell:Creating environment descriptor '/home/adnan/Ros2_WS_Final/install/odometry_pkg/share/odometry_pkg/hook/pythonpath.dsv'
[3.392s] INFO:colcon.colcon_core.shell:Creating environment hook '/home/adnan/Ros2_WS_Final/install/odometry_pkg/share/odometry_pkg/hook/pythonpath.sh'
[3.394s] Level 1:colcon.colcon_core.environment:checking '/home/adnan/Ros2_WS_Final/install/odometry_pkg/bin'
[3.394s] Level 1:colcon.colcon_core.environment:create_environment_scripts_only(odometry_pkg)
[3.395s] INFO:colcon.colcon_core.shell:Creating package script '/home/adnan/Ros2_WS_Final/install/odometry_pkg/share/odometry_pkg/package.ps1'
[3.396s] INFO:colcon.colcon_core.shell:Creating package descriptor '/home/adnan/Ros2_WS_Final/install/odometry_pkg/share/odometry_pkg/package.dsv'
[3.397s] INFO:colcon.colcon_core.shell:Creating package script '/home/adnan/Ros2_WS_Final/install/odometry_pkg/share/odometry_pkg/package.sh'
[3.399s] INFO:colcon.colcon_core.shell:Creating package script '/home/adnan/Ros2_WS_Final/install/odometry_pkg/share/odometry_pkg/package.bash'
[3.400s] INFO:colcon.colcon_core.shell:Creating package script '/home/adnan/Ros2_WS_Final/install/odometry_pkg/share/odometry_pkg/package.zsh'
[3.402s] Level 1:colcon.colcon_core.environment:create_file_with_runtime_dependencies(/home/adnan/Ros2_WS_Final/install/odometry_pkg/share/colcon-core/packages/odometry_pkg)
[3.402s] DEBUG:colcon.colcon_parallel_executor.executor.parallel:closing loop
[3.403s] DEBUG:colcon.colcon_parallel_executor.executor.parallel:loop closed
[3.403s] DEBUG:colcon.colcon_parallel_executor.executor.parallel:run_until_complete finished with '0'
[3.403s] DEBUG:colcon.colcon_core.event_reactor:joining thread
[3.420s] INFO:colcon.colcon_core.plugin_system:Skipping extension 'colcon_notification.desktop_notification.terminal_notifier': Not used on non-Darwin systems
[3.420s] INFO:colcon.colcon_core.plugin_system:Skipping extension 'colcon_notification.desktop_notification.win32': Not used on non-Windows systems
[3.420s] INFO:colcon.colcon_notification.desktop_notification:Sending desktop notification using 'notify2'
[3.457s] DEBUG:colcon.colcon_core.event_reactor:joined thread
[3.458s] INFO:colcon.colcon_core.shell:Creating prefix script '/home/adnan/Ros2_WS_Final/install/local_setup.ps1'
[3.460s] INFO:colcon.colcon_core.shell:Creating prefix util module '/home/adnan/Ros2_WS_Final/install/_local_setup_util_ps1.py'
[3.464s] INFO:colcon.colcon_core.shell:Creating prefix chain script '/home/adnan/Ros2_WS_Final/install/setup.ps1'
[3.467s] INFO:colcon.colcon_core.shell:Creating prefix script '/home/adnan/Ros2_WS_Final/install/local_setup.sh'
[3.469s] INFO:colcon.colcon_core.shell:Creating prefix util module '/home/adnan/Ros2_WS_Final/install/_local_setup_util_sh.py'
[3.471s] INFO:colcon.colcon_core.shell:Creating prefix chain script '/home/adnan/Ros2_WS_Final/install/setup.sh'
[3.474s] INFO:colcon.colcon_core.shell:Creating prefix script '/home/adnan/Ros2_WS_Final/install/local_setup.bash'
[3.476s] INFO:colcon.colcon_core.shell:Creating prefix chain script '/home/adnan/Ros2_WS_Final/install/setup.bash'
[3.479s] INFO:colcon.colcon_core.shell:Creating prefix script '/home/adnan/Ros2_WS_Final/install/local_setup.zsh'
[3.481s] INFO:colcon.colcon_core.shell:Creating prefix chain script '/home/adnan/Ros2_WS_Final/install/setup.zsh'
