[0.129s] DEBUG:colcon:Command line arguments: ['/usr/bin/colcon', 'build']
[0.129s] DEBUG:colcon:Parsed command line arguments: Namespace(log_base=None, log_level=None, verb_name='build', build_base='build', install_base='install', merge_install=False, symlink_install=False, test_result_base=None, continue_on_error=False, executor='parallel', parallel_workers=4, event_handlers=None, ignore_user_meta=False, metas=['./colcon.meta'], base_paths=['.'], packages_ignore=None, packages_ignore_regex=None, paths=None, packages_up_to=None, packages_up_to_regex=None, packages_above=None, packages_above_and_dependencies=None, packages_above_depth=None, packages_select_by_dep=None, packages_skip_by_dep=None, packages_skip_up_to=None, packages_select_build_failed=False, packages_skip_build_finished=False, packages_select_test_failures=False, packages_skip_test_passed=False, packages_select=None, packages_skip=None, packages_select_regex=None, packages_skip_regex=None, packages_start=None, packages_end=None, allow_overriding=[], cmake_args=None, cmake_target=None, cmake_target_skip_unavailable=False, cmake_clean_cache=False, cmake_clean_first=False, cmake_force_configure=False, ament_cmake_args=None, catkin_cmake_args=None, catkin_skip_building_tests=False, verb_parser=<colcon_defaults.argument_parser.defaults.DefaultArgumentsDecorator object at 0x726371d41690>, verb_extension=<colcon_core.verb.build.BuildVerb object at 0x726371d405b0>, main=<bound method BuildVerb.main of <colcon_core.verb.build.BuildVerb object at 0x726371d405b0>>)
[0.336s] Level 1:colcon.colcon_core.package_discovery:discover_packages(colcon_meta) check parameters
[0.336s] Level 1:colcon.colcon_core.package_discovery:discover_packages(recursive) check parameters
[0.336s] Level 1:colcon.colcon_core.package_discovery:discover_packages(ignore) check parameters
[0.336s] Level 1:colcon.colcon_core.package_discovery:discover_packages(path) check parameters
[0.336s] Level 1:colcon.colcon_core.package_discovery:discover_packages(colcon_meta) discover
[0.337s] Level 1:colcon.colcon_core.package_discovery:discover_packages(recursive) discover
[0.337s] INFO:colcon.colcon_core.package_discovery:Crawling recursively for packages in '/home/adnan/Ros2_WS_Final'
[0.337s] Level 1:colcon.colcon_core.package_identification:_identify(.) by extensions ['ignore', 'ignore_ament_install']
[0.337s] Level 1:colcon.colcon_core.package_identification:_identify(.) by extension 'ignore'
[0.337s] Level 1:colcon.colcon_core.package_identification:_identify(.) by extension 'ignore_ament_install'
[0.337s] Level 1:colcon.colcon_core.package_identification:_identify(.) by extensions ['colcon_pkg']
[0.337s] Level 1:colcon.colcon_core.package_identification:_identify(.) by extension 'colcon_pkg'
[0.337s] Level 1:colcon.colcon_core.package_identification:_identify(.) by extensions ['colcon_meta']
[0.337s] Level 1:colcon.colcon_core.package_identification:_identify(.) by extension 'colcon_meta'
[0.337s] Level 1:colcon.colcon_core.package_identification:_identify(.) by extensions ['ros']
[0.337s] Level 1:colcon.colcon_core.package_identification:_identify(.) by extension 'ros'
[0.350s] Level 1:colcon.colcon_core.package_identification:_identify(.) by extensions ['cmake', 'python']
[0.350s] Level 1:colcon.colcon_core.package_identification:_identify(.) by extension 'cmake'
[0.350s] Level 1:colcon.colcon_core.package_identification:_identify(.) by extension 'python'
[0.350s] Level 1:colcon.colcon_core.package_identification:_identify(.) by extensions ['python_setup_py']
[0.350s] Level 1:colcon.colcon_core.package_identification:_identify(.) by extension 'python_setup_py'
[0.350s] Level 1:colcon.colcon_core.package_identification:_identify(build) by extensions ['ignore', 'ignore_ament_install']
[0.350s] Level 1:colcon.colcon_core.package_identification:_identify(build) by extension 'ignore'
[0.351s] Level 1:colcon.colcon_core.package_identification:_identify(build) ignored
[0.351s] Level 1:colcon.colcon_core.package_identification:_identify(install) by extensions ['ignore', 'ignore_ament_install']
[0.351s] Level 1:colcon.colcon_core.package_identification:_identify(install) by extension 'ignore'
[0.351s] Level 1:colcon.colcon_core.package_identification:_identify(install) ignored
[0.351s] Level 1:colcon.colcon_core.package_identification:_identify(log) by extensions ['ignore', 'ignore_ament_install']
[0.351s] Level 1:colcon.colcon_core.package_identification:_identify(log) by extension 'ignore'
[0.351s] Level 1:colcon.colcon_core.package_identification:_identify(log) ignored
[0.351s] Level 1:colcon.colcon_core.package_identification:_identify(src) by extensions ['ignore', 'ignore_ament_install']
[0.351s] Level 1:colcon.colcon_core.package_identification:_identify(src) by extension 'ignore'
[0.351s] Level 1:colcon.colcon_core.package_identification:_identify(src) by extension 'ignore_ament_install'
[0.351s] Level 1:colcon.colcon_core.package_identification:_identify(src) by extensions ['colcon_pkg']
[0.351s] Level 1:colcon.colcon_core.package_identification:_identify(src) by extension 'colcon_pkg'
[0.351s] Level 1:colcon.colcon_core.package_identification:_identify(src) by extensions ['colcon_meta']
[0.351s] Level 1:colcon.colcon_core.package_identification:_identify(src) by extension 'colcon_meta'
[0.351s] Level 1:colcon.colcon_core.package_identification:_identify(src) by extensions ['ros']
[0.352s] Level 1:colcon.colcon_core.package_identification:_identify(src) by extension 'ros'
[0.352s] Level 1:colcon.colcon_core.package_identification:_identify(src) by extensions ['cmake', 'python']
[0.352s] Level 1:colcon.colcon_core.package_identification:_identify(src) by extension 'cmake'
[0.352s] Level 1:colcon.colcon_core.package_identification:_identify(src) by extension 'python'
[0.352s] Level 1:colcon.colcon_core.package_identification:_identify(src) by extensions ['python_setup_py']
[0.352s] Level 1:colcon.colcon_core.package_identification:_identify(src) by extension 'python_setup_py'
[0.352s] Level 1:colcon.colcon_core.package_identification:_identify(src/odometry_pkg) by extensions ['ignore', 'ignore_ament_install']
[0.352s] Level 1:colcon.colcon_core.package_identification:_identify(src/odometry_pkg) by extension 'ignore'
[0.352s] Level 1:colcon.colcon_core.package_identification:_identify(src/odometry_pkg) by extension 'ignore_ament_install'
[0.352s] Level 1:colcon.colcon_core.package_identification:_identify(src/odometry_pkg) by extensions ['colcon_pkg']
[0.352s] Level 1:colcon.colcon_core.package_identification:_identify(src/odometry_pkg) by extension 'colcon_pkg'
[0.352s] Level 1:colcon.colcon_core.package_identification:_identify(src/odometry_pkg) by extensions ['colcon_meta']
[0.352s] Level 1:colcon.colcon_core.package_identification:_identify(src/odometry_pkg) by extension 'colcon_meta'
[0.352s] Level 1:colcon.colcon_core.package_identification:_identify(src/odometry_pkg) by extensions ['ros']
[0.352s] Level 1:colcon.colcon_core.package_identification:_identify(src/odometry_pkg) by extension 'ros'
[0.355s] DEBUG:colcon.colcon_core.package_identification:Package 'src/odometry_pkg' with type 'ros.ament_python' and name 'odometry_pkg'
[0.356s] Level 1:colcon.colcon_core.package_identification:_identify(src/robot_publisher_pkg) by extensions ['ignore', 'ignore_ament_install']
[0.356s] Level 1:colcon.colcon_core.package_identification:_identify(src/robot_publisher_pkg) by extension 'ignore'
[0.356s] Level 1:colcon.colcon_core.package_identification:_identify(src/robot_publisher_pkg) by extension 'ignore_ament_install'
[0.356s] Level 1:colcon.colcon_core.package_identification:_identify(src/robot_publisher_pkg) by extensions ['colcon_pkg']
[0.356s] Level 1:colcon.colcon_core.package_identification:_identify(src/robot_publisher_pkg) by extension 'colcon_pkg'
[0.356s] Level 1:colcon.colcon_core.package_identification:_identify(src/robot_publisher_pkg) by extensions ['colcon_meta']
[0.356s] Level 1:colcon.colcon_core.package_identification:_identify(src/robot_publisher_pkg) by extension 'colcon_meta'
[0.356s] Level 1:colcon.colcon_core.package_identification:_identify(src/robot_publisher_pkg) by extensions ['ros']
[0.356s] Level 1:colcon.colcon_core.package_identification:_identify(src/robot_publisher_pkg) by extension 'ros'
[0.357s] DEBUG:colcon.colcon_core.package_identification:Package 'src/robot_publisher_pkg' with type 'ros.ament_python' and name 'robot_publisher_pkg'
[0.357s] Level 1:colcon.colcon_core.package_identification:_identify(src/teleop_twist_keyboard_pkg) by extensions ['ignore', 'ignore_ament_install']
[0.357s] Level 1:colcon.colcon_core.package_identification:_identify(src/teleop_twist_keyboard_pkg) by extension 'ignore'
[0.357s] Level 1:colcon.colcon_core.package_identification:_identify(src/teleop_twist_keyboard_pkg) by extension 'ignore_ament_install'
[0.357s] Level 1:colcon.colcon_core.package_identification:_identify(src/teleop_twist_keyboard_pkg) by extensions ['colcon_pkg']
[0.357s] Level 1:colcon.colcon_core.package_identification:_identify(src/teleop_twist_keyboard_pkg) by extension 'colcon_pkg'
[0.357s] Level 1:colcon.colcon_core.package_identification:_identify(src/teleop_twist_keyboard_pkg) by extensions ['colcon_meta']
[0.357s] Level 1:colcon.colcon_core.package_identification:_identify(src/teleop_twist_keyboard_pkg) by extension 'colcon_meta'
[0.357s] Level 1:colcon.colcon_core.package_identification:_identify(src/teleop_twist_keyboard_pkg) by extensions ['ros']
[0.357s] Level 1:colcon.colcon_core.package_identification:_identify(src/teleop_twist_keyboard_pkg) by extension 'ros'
[0.358s] DEBUG:colcon.colcon_core.package_identification:Package 'src/teleop_twist_keyboard_pkg' with type 'ros.ament_python' and name 'teleop_twist_keyboard_pkg'
[0.358s] Level 1:colcon.colcon_core.package_discovery:discover_packages(recursive) using defaults
[0.358s] Level 1:colcon.colcon_core.package_discovery:discover_packages(ignore) discover
[0.358s] Level 1:colcon.colcon_core.package_discovery:discover_packages(ignore) using defaults
[0.358s] Level 1:colcon.colcon_core.package_discovery:discover_packages(path) discover
[0.358s] Level 1:colcon.colcon_core.package_discovery:discover_packages(path) using defaults
[0.382s] Level 1:colcon.colcon_core.package_discovery:discover_packages(prefix_path) check parameters
[0.383s] Level 1:colcon.colcon_core.package_discovery:discover_packages(prefix_path) discover
[0.386s] DEBUG:colcon.colcon_installed_package_information.package_discovery:Found 331 installed packages in /opt/ros/humble
[0.388s] Level 1:colcon.colcon_core.package_discovery:discover_packages(prefix_path) using defaults
[0.463s] Level 5:colcon.colcon_core.verb:set package 'odometry_pkg' build argument 'cmake_args' from command line to 'None'
[0.463s] Level 5:colcon.colcon_core.verb:set package 'odometry_pkg' build argument 'cmake_target' from command line to 'None'
[0.463s] Level 5:colcon.colcon_core.verb:set package 'odometry_pkg' build argument 'cmake_target_skip_unavailable' from command line to 'False'
[0.463s] Level 5:colcon.colcon_core.verb:set package 'odometry_pkg' build argument 'cmake_clean_cache' from command line to 'False'
[0.463s] Level 5:colcon.colcon_core.verb:set package 'odometry_pkg' build argument 'cmake_clean_first' from command line to 'False'
[0.463s] Level 5:colcon.colcon_core.verb:set package 'odometry_pkg' build argument 'cmake_force_configure' from command line to 'False'
[0.463s] Level 5:colcon.colcon_core.verb:set package 'odometry_pkg' build argument 'ament_cmake_args' from command line to 'None'
[0.463s] Level 5:colcon.colcon_core.verb:set package 'odometry_pkg' build argument 'catkin_cmake_args' from command line to 'None'
[0.463s] Level 5:colcon.colcon_core.verb:set package 'odometry_pkg' build argument 'catkin_skip_building_tests' from command line to 'False'
[0.463s] DEBUG:colcon.colcon_core.verb:Building package 'odometry_pkg' with the following arguments: {'ament_cmake_args': None, 'build_base': '/home/adnan/Ros2_WS_Final/build/odometry_pkg', 'catkin_cmake_args': None, 'catkin_skip_building_tests': False, 'cmake_args': None, 'cmake_clean_cache': False, 'cmake_clean_first': False, 'cmake_force_configure': False, 'cmake_target': None, 'cmake_target_skip_unavailable': False, 'install_base': '/home/adnan/Ros2_WS_Final/install/odometry_pkg', 'merge_install': False, 'path': '/home/adnan/Ros2_WS_Final/src/odometry_pkg', 'symlink_install': False, 'test_result_base': None}
[0.464s] Level 5:colcon.colcon_core.verb:set package 'robot_publisher_pkg' build argument 'cmake_args' from command line to 'None'
[0.464s] Level 5:colcon.colcon_core.verb:set package 'robot_publisher_pkg' build argument 'cmake_target' from command line to 'None'
[0.464s] Level 5:colcon.colcon_core.verb:set package 'robot_publisher_pkg' build argument 'cmake_target_skip_unavailable' from command line to 'False'
[0.464s] Level 5:colcon.colcon_core.verb:set package 'robot_publisher_pkg' build argument 'cmake_clean_cache' from command line to 'False'
[0.464s] Level 5:colcon.colcon_core.verb:set package 'robot_publisher_pkg' build argument 'cmake_clean_first' from command line to 'False'
[0.464s] Level 5:colcon.colcon_core.verb:set package 'robot_publisher_pkg' build argument 'cmake_force_configure' from command line to 'False'
[0.464s] Level 5:colcon.colcon_core.verb:set package 'robot_publisher_pkg' build argument 'ament_cmake_args' from command line to 'None'
[0.464s] Level 5:colcon.colcon_core.verb:set package 'robot_publisher_pkg' build argument 'catkin_cmake_args' from command line to 'None'
[0.464s] Level 5:colcon.colcon_core.verb:set package 'robot_publisher_pkg' build argument 'catkin_skip_building_tests' from command line to 'False'
[0.464s] DEBUG:colcon.colcon_core.verb:Building package 'robot_publisher_pkg' with the following arguments: {'ament_cmake_args': None, 'build_base': '/home/adnan/Ros2_WS_Final/build/robot_publisher_pkg', 'catkin_cmake_args': None, 'catkin_skip_building_tests': False, 'cmake_args': None, 'cmake_clean_cache': False, 'cmake_clean_first': False, 'cmake_force_configure': False, 'cmake_target': None, 'cmake_target_skip_unavailable': False, 'install_base': '/home/adnan/Ros2_WS_Final/install/robot_publisher_pkg', 'merge_install': False, 'path': '/home/adnan/Ros2_WS_Final/src/robot_publisher_pkg', 'symlink_install': False, 'test_result_base': None}
[0.464s] Level 5:colcon.colcon_core.verb:set package 'teleop_twist_keyboard_pkg' build argument 'cmake_args' from command line to 'None'
[0.464s] Level 5:colcon.colcon_core.verb:set package 'teleop_twist_keyboard_pkg' build argument 'cmake_target' from command line to 'None'
[0.464s] Level 5:colcon.colcon_core.verb:set package 'teleop_twist_keyboard_pkg' build argument 'cmake_target_skip_unavailable' from command line to 'False'
[0.464s] Level 5:colcon.colcon_core.verb:set package 'teleop_twist_keyboard_pkg' build argument 'cmake_clean_cache' from command line to 'False'
[0.464s] Level 5:colcon.colcon_core.verb:set package 'teleop_twist_keyboard_pkg' build argument 'cmake_clean_first' from command line to 'False'
[0.464s] Level 5:colcon.colcon_core.verb:set package 'teleop_twist_keyboard_pkg' build argument 'cmake_force_configure' from command line to 'False'
[0.464s] Level 5:colcon.colcon_core.verb:set package 'teleop_twist_keyboard_pkg' build argument 'ament_cmake_args' from command line to 'None'
[0.464s] Level 5:colcon.colcon_core.verb:set package 'teleop_twist_keyboard_pkg' build argument 'catkin_cmake_args' from command line to 'None'
[0.464s] Level 5:colcon.colcon_core.verb:set package 'teleop_twist_keyboard_pkg' build argument 'catkin_skip_building_tests' from command line to 'False'
[0.465s] DEBUG:colcon.colcon_core.verb:Building package 'teleop_twist_keyboard_pkg' with the following arguments: {'ament_cmake_args': None, 'build_base': '/home/adnan/Ros2_WS_Final/build/teleop_twist_keyboard_pkg', 'catkin_cmake_args': None, 'catkin_skip_building_tests': False, 'cmake_args': None, 'cmake_clean_cache': False, 'cmake_clean_first': False, 'cmake_force_configure': False, 'cmake_target': None, 'cmake_target_skip_unavailable': False, 'install_base': '/home/adnan/Ros2_WS_Final/install/teleop_twist_keyboard_pkg', 'merge_install': False, 'path': '/home/adnan/Ros2_WS_Final/src/teleop_twist_keyboard_pkg', 'symlink_install': False, 'test_result_base': None}
[0.465s] INFO:colcon.colcon_core.executor:Executing jobs using 'parallel' executor
[0.466s] DEBUG:colcon.colcon_parallel_executor.executor.parallel:run_until_complete
[0.466s] INFO:colcon.colcon_ros.task.ament_python.build:Building ROS package in '/home/adnan/Ros2_WS_Final/src/odometry_pkg' with build type 'ament_python'
[0.467s] Level 1:colcon.colcon_core.shell:create_environment_hook('odometry_pkg', 'ament_prefix_path')
[0.470s] INFO:colcon.colcon_core.plugin_system:Skipping extension 'colcon_core.shell.bat': Not used on non-Windows systems
[0.470s] INFO:colcon.colcon_core.shell:Creating environment hook '/home/adnan/Ros2_WS_Final/install/odometry_pkg/share/odometry_pkg/hook/ament_prefix_path.ps1'
[0.471s] INFO:colcon.colcon_core.shell:Creating environment descriptor '/home/adnan/Ros2_WS_Final/install/odometry_pkg/share/odometry_pkg/hook/ament_prefix_path.dsv'
[0.472s] INFO:colcon.colcon_core.shell:Creating environment hook '/home/adnan/Ros2_WS_Final/install/odometry_pkg/share/odometry_pkg/hook/ament_prefix_path.sh'
[0.473s] INFO:colcon.colcon_core.shell:Skip shell extension 'powershell' for command environment: Not usable outside of PowerShell
[0.473s] DEBUG:colcon.colcon_core.shell:Skip shell extension 'dsv' for command environment
[0.477s] INFO:colcon.colcon_ros.task.ament_python.build:Building ROS package in '/home/adnan/Ros2_WS_Final/src/robot_publisher_pkg' with build type 'ament_python'
[0.478s] Level 1:colcon.colcon_core.shell:create_environment_hook('robot_publisher_pkg', 'ament_prefix_path')
[0.478s] INFO:colcon.colcon_core.shell:Creating environment hook '/home/adnan/Ros2_WS_Final/install/robot_publisher_pkg/share/robot_publisher_pkg/hook/ament_prefix_path.ps1'
[0.479s] INFO:colcon.colcon_core.shell:Creating environment descriptor '/home/adnan/Ros2_WS_Final/install/robot_publisher_pkg/share/robot_publisher_pkg/hook/ament_prefix_path.dsv'
[0.480s] INFO:colcon.colcon_core.shell:Creating environment hook '/home/adnan/Ros2_WS_Final/install/robot_publisher_pkg/share/robot_publisher_pkg/hook/ament_prefix_path.sh'
[0.481s] INFO:colcon.colcon_core.shell:Skip shell extension 'powershell' for command environment: Not usable outside of PowerShell
[0.481s] DEBUG:colcon.colcon_core.shell:Skip shell extension 'dsv' for command environment
[0.486s] INFO:colcon.colcon_ros.task.ament_python.build:Building ROS package in '/home/adnan/Ros2_WS_Final/src/teleop_twist_keyboard_pkg' with build type 'ament_python'
[0.486s] Level 1:colcon.colcon_core.shell:create_environment_hook('teleop_twist_keyboard_pkg', 'ament_prefix_path')
[0.487s] INFO:colcon.colcon_core.shell:Creating environment hook '/home/adnan/Ros2_WS_Final/install/teleop_twist_keyboard_pkg/share/teleop_twist_keyboard_pkg/hook/ament_prefix_path.ps1'
[0.488s] INFO:colcon.colcon_core.shell:Creating environment descriptor '/home/adnan/Ros2_WS_Final/install/teleop_twist_keyboard_pkg/share/teleop_twist_keyboard_pkg/hook/ament_prefix_path.dsv'
[0.489s] INFO:colcon.colcon_core.shell:Creating environment hook '/home/adnan/Ros2_WS_Final/install/teleop_twist_keyboard_pkg/share/teleop_twist_keyboard_pkg/hook/ament_prefix_path.sh'
[0.490s] INFO:colcon.colcon_core.shell:Skip shell extension 'powershell' for command environment: Not usable outside of PowerShell
[0.490s] DEBUG:colcon.colcon_core.shell:Skip shell extension 'dsv' for command environment
[0.870s] INFO:colcon.colcon_core.task.python.build:Building Python package in '/home/adnan/Ros2_WS_Final/src/odometry_pkg'
[0.871s] INFO:colcon.colcon_core.shell:Skip shell extension 'powershell' for command environment: Not usable outside of PowerShell
[0.871s] DEBUG:colcon.colcon_core.shell:Skip shell extension 'dsv' for command environment
[1.254s] WARNING:colcon.colcon_ros.task.ament_python.build:Package 'robot_publisher_pkg' doesn't explicitly install a marker in the package index (colcon-ros currently does it implicitly but that fallback will be removed in the future)
[1.255s] INFO:colcon.colcon_core.task.python.build:Building Python package in '/home/adnan/Ros2_WS_Final/src/robot_publisher_pkg'
[1.255s] INFO:colcon.colcon_core.shell:Skip shell extension 'powershell' for command environment: Not usable outside of PowerShell
[1.256s] DEBUG:colcon.colcon_core.shell:Skip shell extension 'dsv' for command environment
[1.688s] INFO:colcon.colcon_core.task.python.build:Building Python package in '/home/adnan/Ros2_WS_Final/src/teleop_twist_keyboard_pkg'
[1.688s] INFO:colcon.colcon_core.shell:Skip shell extension 'powershell' for command environment: Not usable outside of PowerShell
[1.689s] DEBUG:colcon.colcon_core.shell:Skip shell extension 'dsv' for command environment
[2.391s] DEBUG:colcon.colcon_core.event_handler.log_command:Invoking command in '/home/adnan/Ros2_WS_Final/src/teleop_twist_keyboard_pkg': PYTHONPATH=/home/adnan/Ros2_WS_Final/build/teleop_twist_keyboard_pkg/prefix_override:/usr/lib/python3/dist-packages/colcon_core/task/python/colcon_distutils_commands:/home/adnan/Ros2_WS_Final/install/teleop_twist_keyboard_pkg/lib/python3.10/site-packages:${PYTHONPATH} /usr/bin/python3 -W ignore:setup.py install is deprecated setup.py egg_info --egg-base ../../build/teleop_twist_keyboard_pkg build --build-base /home/adnan/Ros2_WS_Final/build/teleop_twist_keyboard_pkg/build install --record /home/adnan/Ros2_WS_Final/build/teleop_twist_keyboard_pkg/install.log --single-version-externally-managed install_data
[2.392s] DEBUG:colcon.colcon_core.event_handler.log_command:Invoking command in '/home/adnan/Ros2_WS_Final/src/odometry_pkg': PYTHONPATH=/home/adnan/Ros2_WS_Final/build/odometry_pkg/prefix_override:/usr/lib/python3/dist-packages/colcon_core/task/python/colcon_distutils_commands:/home/adnan/Ros2_WS_Final/install/odometry_pkg/lib/python3.10/site-packages:${PYTHONPATH} /usr/bin/python3 -W ignore:setup.py install is deprecated setup.py egg_info --egg-base ../../build/odometry_pkg build --build-base /home/adnan/Ros2_WS_Final/build/odometry_pkg/build install --record /home/adnan/Ros2_WS_Final/build/odometry_pkg/install.log --single-version-externally-managed install_data
[2.456s] DEBUG:colcon.colcon_core.event_handler.log_command:Invoking command in '/home/adnan/Ros2_WS_Final/src/robot_publisher_pkg': PYTHONPATH=/home/adnan/Ros2_WS_Final/build/robot_publisher_pkg/prefix_override:/usr/lib/python3/dist-packages/colcon_core/task/python/colcon_distutils_commands:/home/adnan/Ros2_WS_Final/install/robot_publisher_pkg/lib/python3.10/site-packages:${PYTHONPATH} /usr/bin/python3 -W ignore:setup.py install is deprecated setup.py egg_info --egg-base ../../build/robot_publisher_pkg build --build-base /home/adnan/Ros2_WS_Final/build/robot_publisher_pkg/build install --record /home/adnan/Ros2_WS_Final/build/robot_publisher_pkg/install.log --single-version-externally-managed install_data
[2.864s] DEBUG:colcon.colcon_core.event_handler.log_command:Invoked command in '/home/adnan/Ros2_WS_Final/src/odometry_pkg' returned '0': PYTHONPATH=/home/adnan/Ros2_WS_Final/build/odometry_pkg/prefix_override:/usr/lib/python3/dist-packages/colcon_core/task/python/colcon_distutils_commands:/home/adnan/Ros2_WS_Final/install/odometry_pkg/lib/python3.10/site-packages:${PYTHONPATH} /usr/bin/python3 -W ignore:setup.py install is deprecated setup.py egg_info --egg-base ../../build/odometry_pkg build --build-base /home/adnan/Ros2_WS_Final/build/odometry_pkg/build install --record /home/adnan/Ros2_WS_Final/build/odometry_pkg/install.log --single-version-externally-managed install_data
[2.873s] Level 1:colcon.colcon_core.environment:checking '/home/adnan/Ros2_WS_Final/install/odometry_pkg' for CMake module files
[2.875s] Level 1:colcon.colcon_core.environment:checking '/home/adnan/Ros2_WS_Final/install/odometry_pkg' for CMake config files
[2.876s] Level 1:colcon.colcon_core.environment:checking '/home/adnan/Ros2_WS_Final/install/odometry_pkg/lib'
[2.877s] Level 1:colcon.colcon_core.environment:checking '/home/adnan/Ros2_WS_Final/install/odometry_pkg/bin'
[2.877s] Level 1:colcon.colcon_core.environment:checking '/home/adnan/Ros2_WS_Final/install/odometry_pkg/lib/pkgconfig/odometry_pkg.pc'
[2.877s] Level 1:colcon.colcon_core.environment:checking '/home/adnan/Ros2_WS_Final/install/odometry_pkg/lib/python3.10/site-packages'
[2.878s] Level 1:colcon.colcon_core.shell:create_environment_hook('odometry_pkg', 'pythonpath')
[2.878s] INFO:colcon.colcon_core.shell:Creating environment hook '/home/adnan/Ros2_WS_Final/install/odometry_pkg/share/odometry_pkg/hook/pythonpath.ps1'
[2.879s] INFO:colcon.colcon_core.shell:Creating environment descriptor '/home/adnan/Ros2_WS_Final/install/odometry_pkg/share/odometry_pkg/hook/pythonpath.dsv'
[2.880s] INFO:colcon.colcon_core.shell:Creating environment hook '/home/adnan/Ros2_WS_Final/install/odometry_pkg/share/odometry_pkg/hook/pythonpath.sh'
[2.882s] Level 1:colcon.colcon_core.environment:checking '/home/adnan/Ros2_WS_Final/install/odometry_pkg/bin'
[2.882s] Level 1:colcon.colcon_core.environment:create_environment_scripts_only(odometry_pkg)
[2.883s] INFO:colcon.colcon_core.shell:Creating package script '/home/adnan/Ros2_WS_Final/install/odometry_pkg/share/odometry_pkg/package.ps1'
[2.884s] INFO:colcon.colcon_core.shell:Creating package descriptor '/home/adnan/Ros2_WS_Final/install/odometry_pkg/share/odometry_pkg/package.dsv'
[2.885s] INFO:colcon.colcon_core.shell:Creating package script '/home/adnan/Ros2_WS_Final/install/odometry_pkg/share/odometry_pkg/package.sh'
[2.887s] INFO:colcon.colcon_core.shell:Creating package script '/home/adnan/Ros2_WS_Final/install/odometry_pkg/share/odometry_pkg/package.bash'
[2.888s] INFO:colcon.colcon_core.shell:Creating package script '/home/adnan/Ros2_WS_Final/install/odometry_pkg/share/odometry_pkg/package.zsh'
[2.889s] Level 1:colcon.colcon_core.environment:create_file_with_runtime_dependencies(/home/adnan/Ros2_WS_Final/install/odometry_pkg/share/colcon-core/packages/odometry_pkg)
[2.892s] Level 1:colcon.colcon_core.environment:checking '/home/adnan/Ros2_WS_Final/install/teleop_twist_keyboard_pkg' for CMake module files
[2.893s] DEBUG:colcon.colcon_core.event_handler.log_command:Invoked command in '/home/adnan/Ros2_WS_Final/src/teleop_twist_keyboard_pkg' returned '0': PYTHONPATH=/home/adnan/Ros2_WS_Final/build/teleop_twist_keyboard_pkg/prefix_override:/usr/lib/python3/dist-packages/colcon_core/task/python/colcon_distutils_commands:/home/adnan/Ros2_WS_Final/install/teleop_twist_keyboard_pkg/lib/python3.10/site-packages:${PYTHONPATH} /usr/bin/python3 -W ignore:setup.py install is deprecated setup.py egg_info --egg-base ../../build/teleop_twist_keyboard_pkg build --build-base /home/adnan/Ros2_WS_Final/build/teleop_twist_keyboard_pkg/build install --record /home/adnan/Ros2_WS_Final/build/teleop_twist_keyboard_pkg/install.log --single-version-externally-managed install_data
[2.894s] Level 1:colcon.colcon_core.environment:checking '/home/adnan/Ros2_WS_Final/install/teleop_twist_keyboard_pkg' for CMake config files
[2.895s] Level 1:colcon.colcon_core.environment:checking '/home/adnan/Ros2_WS_Final/install/teleop_twist_keyboard_pkg/lib'
[2.895s] Level 1:colcon.colcon_core.environment:checking '/home/adnan/Ros2_WS_Final/install/teleop_twist_keyboard_pkg/bin'
[2.895s] Level 1:colcon.colcon_core.environment:checking '/home/adnan/Ros2_WS_Final/install/teleop_twist_keyboard_pkg/lib/pkgconfig/teleop_twist_keyboard_pkg.pc'
[2.895s] Level 1:colcon.colcon_core.environment:checking '/home/adnan/Ros2_WS_Final/install/teleop_twist_keyboard_pkg/lib/python3.10/site-packages'
[2.896s] Level 1:colcon.colcon_core.shell:create_environment_hook('teleop_twist_keyboard_pkg', 'pythonpath')
[2.896s] INFO:colcon.colcon_core.shell:Creating environment hook '/home/adnan/Ros2_WS_Final/install/teleop_twist_keyboard_pkg/share/teleop_twist_keyboard_pkg/hook/pythonpath.ps1'
[2.897s] INFO:colcon.colcon_core.shell:Creating environment descriptor '/home/adnan/Ros2_WS_Final/install/teleop_twist_keyboard_pkg/share/teleop_twist_keyboard_pkg/hook/pythonpath.dsv'
[2.898s] INFO:colcon.colcon_core.shell:Creating environment hook '/home/adnan/Ros2_WS_Final/install/teleop_twist_keyboard_pkg/share/teleop_twist_keyboard_pkg/hook/pythonpath.sh'
[2.899s] Level 1:colcon.colcon_core.environment:checking '/home/adnan/Ros2_WS_Final/install/teleop_twist_keyboard_pkg/bin'
[2.899s] Level 1:colcon.colcon_core.environment:create_environment_scripts_only(teleop_twist_keyboard_pkg)
[2.899s] INFO:colcon.colcon_core.shell:Creating package script '/home/adnan/Ros2_WS_Final/install/teleop_twist_keyboard_pkg/share/teleop_twist_keyboard_pkg/package.ps1'
[2.900s] INFO:colcon.colcon_core.shell:Creating package descriptor '/home/adnan/Ros2_WS_Final/install/teleop_twist_keyboard_pkg/share/teleop_twist_keyboard_pkg/package.dsv'
[2.902s] INFO:colcon.colcon_core.shell:Creating package script '/home/adnan/Ros2_WS_Final/install/teleop_twist_keyboard_pkg/share/teleop_twist_keyboard_pkg/package.sh'
[2.903s] INFO:colcon.colcon_core.shell:Creating package script '/home/adnan/Ros2_WS_Final/install/teleop_twist_keyboard_pkg/share/teleop_twist_keyboard_pkg/package.bash'
[2.904s] INFO:colcon.colcon_core.shell:Creating package script '/home/adnan/Ros2_WS_Final/install/teleop_twist_keyboard_pkg/share/teleop_twist_keyboard_pkg/package.zsh'
[2.904s] Level 1:colcon.colcon_core.environment:create_file_with_runtime_dependencies(/home/adnan/Ros2_WS_Final/install/teleop_twist_keyboard_pkg/share/colcon-core/packages/teleop_twist_keyboard_pkg)
[2.980s] Level 1:colcon.colcon_core.environment:checking '/home/adnan/Ros2_WS_Final/install/robot_publisher_pkg' for CMake module files
[2.981s] DEBUG:colcon.colcon_core.event_handler.log_command:Invoked command in '/home/adnan/Ros2_WS_Final/src/robot_publisher_pkg' returned '0': PYTHONPATH=/home/adnan/Ros2_WS_Final/build/robot_publisher_pkg/prefix_override:/usr/lib/python3/dist-packages/colcon_core/task/python/colcon_distutils_commands:/home/adnan/Ros2_WS_Final/install/robot_publisher_pkg/lib/python3.10/site-packages:${PYTHONPATH} /usr/bin/python3 -W ignore:setup.py install is deprecated setup.py egg_info --egg-base ../../build/robot_publisher_pkg build --build-base /home/adnan/Ros2_WS_Final/build/robot_publisher_pkg/build install --record /home/adnan/Ros2_WS_Final/build/robot_publisher_pkg/install.log --single-version-externally-managed install_data
[2.981s] Level 1:colcon.colcon_core.environment:checking '/home/adnan/Ros2_WS_Final/install/robot_publisher_pkg' for CMake config files
[2.982s] Level 1:colcon.colcon_core.environment:checking '/home/adnan/Ros2_WS_Final/install/robot_publisher_pkg/lib'
[2.983s] Level 1:colcon.colcon_core.environment:checking '/home/adnan/Ros2_WS_Final/install/robot_publisher_pkg/bin'
[2.983s] Level 1:colcon.colcon_core.environment:checking '/home/adnan/Ros2_WS_Final/install/robot_publisher_pkg/lib/pkgconfig/robot_publisher_pkg.pc'
[2.983s] Level 1:colcon.colcon_core.environment:checking '/home/adnan/Ros2_WS_Final/install/robot_publisher_pkg/lib/python3.10/site-packages'
[2.983s] Level 1:colcon.colcon_core.shell:create_environment_hook('robot_publisher_pkg', 'pythonpath')
[2.984s] INFO:colcon.colcon_core.shell:Creating environment hook '/home/adnan/Ros2_WS_Final/install/robot_publisher_pkg/share/robot_publisher_pkg/hook/pythonpath.ps1'
[2.985s] INFO:colcon.colcon_core.shell:Creating environment descriptor '/home/adnan/Ros2_WS_Final/install/robot_publisher_pkg/share/robot_publisher_pkg/hook/pythonpath.dsv'
[2.985s] INFO:colcon.colcon_core.shell:Creating environment hook '/home/adnan/Ros2_WS_Final/install/robot_publisher_pkg/share/robot_publisher_pkg/hook/pythonpath.sh'
[2.987s] Level 1:colcon.colcon_core.environment:checking '/home/adnan/Ros2_WS_Final/install/robot_publisher_pkg/bin'
[2.987s] Level 1:colcon.colcon_core.environment:create_environment_scripts_only(robot_publisher_pkg)
[2.987s] INFO:colcon.colcon_core.shell:Creating package script '/home/adnan/Ros2_WS_Final/install/robot_publisher_pkg/share/robot_publisher_pkg/package.ps1'
[2.988s] INFO:colcon.colcon_core.shell:Creating package descriptor '/home/adnan/Ros2_WS_Final/install/robot_publisher_pkg/share/robot_publisher_pkg/package.dsv'
[2.989s] INFO:colcon.colcon_core.shell:Creating package script '/home/adnan/Ros2_WS_Final/install/robot_publisher_pkg/share/robot_publisher_pkg/package.sh'
[2.990s] INFO:colcon.colcon_core.shell:Creating package script '/home/adnan/Ros2_WS_Final/install/robot_publisher_pkg/share/robot_publisher_pkg/package.bash'
[2.990s] INFO:colcon.colcon_core.shell:Creating package script '/home/adnan/Ros2_WS_Final/install/robot_publisher_pkg/share/robot_publisher_pkg/package.zsh'
[2.991s] Level 1:colcon.colcon_core.environment:create_file_with_runtime_dependencies(/home/adnan/Ros2_WS_Final/install/robot_publisher_pkg/share/colcon-core/packages/robot_publisher_pkg)
[2.991s] DEBUG:colcon.colcon_parallel_executor.executor.parallel:closing loop
[2.993s] DEBUG:colcon.colcon_parallel_executor.executor.parallel:loop closed
[2.994s] DEBUG:colcon.colcon_parallel_executor.executor.parallel:run_until_complete finished with '0'
[2.994s] DEBUG:colcon.colcon_core.event_reactor:joining thread
[3.003s] INFO:colcon.colcon_core.plugin_system:Skipping extension 'colcon_notification.desktop_notification.terminal_notifier': Not used on non-Darwin systems
[3.003s] INFO:colcon.colcon_core.plugin_system:Skipping extension 'colcon_notification.desktop_notification.win32': Not used on non-Windows systems
[3.003s] INFO:colcon.colcon_notification.desktop_notification:Sending desktop notification using 'notify2'
[3.031s] DEBUG:colcon.colcon_core.event_reactor:joined thread
[3.032s] INFO:colcon.colcon_core.shell:Creating prefix script '/home/adnan/Ros2_WS_Final/install/local_setup.ps1'
[3.033s] INFO:colcon.colcon_core.shell:Creating prefix util module '/home/adnan/Ros2_WS_Final/install/_local_setup_util_ps1.py'
[3.036s] INFO:colcon.colcon_core.shell:Creating prefix chain script '/home/adnan/Ros2_WS_Final/install/setup.ps1'
[3.037s] INFO:colcon.colcon_core.shell:Creating prefix script '/home/adnan/Ros2_WS_Final/install/local_setup.sh'
[3.038s] INFO:colcon.colcon_core.shell:Creating prefix util module '/home/adnan/Ros2_WS_Final/install/_local_setup_util_sh.py'
[3.040s] INFO:colcon.colcon_core.shell:Creating prefix chain script '/home/adnan/Ros2_WS_Final/install/setup.sh'
[3.041s] INFO:colcon.colcon_core.shell:Creating prefix script '/home/adnan/Ros2_WS_Final/install/local_setup.bash'
[3.042s] INFO:colcon.colcon_core.shell:Creating prefix chain script '/home/adnan/Ros2_WS_Final/install/setup.bash'
[3.044s] INFO:colcon.colcon_core.shell:Creating prefix script '/home/adnan/Ros2_WS_Final/install/local_setup.zsh'
[3.045s] INFO:colcon.colcon_core.shell:Creating prefix chain script '/home/adnan/Ros2_WS_Final/install/setup.zsh'
